[2023/06/29 15:33:52.968] [WARN] [Imperative.js:462] Environmental setting for imperative log level ('CMD_CLI_IMPERATIVE_LOG_LEVEL') was blank.
[2023/06/29 15:33:52.969] [WARN] [Imperative.js:480] Environmental setting for app log level ('CMD_CLI_APP_LOG_LEVEL') was blank.
[2023/06/29 15:33:56.703] [WARN] [Imperative.js:462] Environmental setting for imperative log level ('CMD_CLI_IMPERATIVE_LOG_LEVEL') was blank.
[2023/06/29 15:33:56.705] [WARN] [Imperative.js:480] Environmental setting for app log level ('CMD_CLI_APP_LOG_LEVEL') was blank.
[2023/06/29 15:34:00.947] [WARN] [Imperative.js:462] Environmental setting for imperative log level ('CMD_CLI_IMPERATIVE_LOG_LEVEL') was blank.
[2023/06/29 15:34:00.948] [WARN] [Imperative.js:480] Environmental setting for app log level ('CMD_CLI_APP_LOG_LEVEL') was blank.
[2023/06/29 15:34:01.155] [ERROR] [CommandProcessor.js:687] Syntax for command "test-async-handler" is invalid.
[2023/06/29 15:34:01.157] [ERROR] [CommandYargs.js:148] Error in command test-async-handler
[2023/06/29 15:34:01.157] [ERROR] [CommandYargs.js:149] [
  {
    success: false,
    exitCode: 1,
    message: 'Command syntax invalid',
    stdout: <Buffer >,
    stderr: <Buffer 0a 53 79 6e 74 61 78 20 45 72 72 6f 72 3a 0a 59 6f 75 20 6d 61 79 20 73 70 65 63 69 66 79 20 6f 6e 6c 79 20 6f 6e 65 20 6f 66 20 74 68 65 20 66 6f 6c ... 216 more bytes>,
    data: [
      {
        message: 'You may specify only one of the following options for this command:\n' +
          '[--fail, --fail-with-error]\n' +
          '\n' +
          'You specified the following:\n' +
          '[--fail, --fail-with-error]\n',
        optionInError: '--fail,--fail-with-error'
      }
    ],
    error: undefined
  }
]
[2023/06/29 15:34:04.642] [WARN] [Imperative.js:462] Environmental setting for imperative log level ('CMD_CLI_IMPERATIVE_LOG_LEVEL') was blank.
[2023/06/29 15:34:04.643] [WARN] [Imperative.js:480] Environmental setting for app log level ('CMD_CLI_APP_LOG_LEVEL') was blank.
[2023/06/29 15:34:04.851] [ERROR] [CommandProcessor.js:687] Syntax for command "test-async-handler" is invalid.
[2023/06/29 15:34:04.854] [ERROR] [CommandYargs.js:148] Error in command test-async-handler
[2023/06/29 15:34:04.854] [ERROR] [CommandYargs.js:149] [
  {
    success: false,
    exitCode: 1,
    message: 'Command syntax invalid',
    stdout: <Buffer >,
    stderr: <Buffer 0a 53 79 6e 74 61 78 20 45 72 72 6f 72 3a 0a 59 6f 75 20 6d 61 79 20 73 70 65 63 69 66 79 20 6f 6e 6c 79 20 6f 6e 65 20 6f 66 20 74 68 65 20 66 6f 6c ... 216 more bytes>,
    data: [
      {
        message: 'You may specify only one of the following options for this command:\n' +
          '[--fail, --fail-with-error]\n' +
          '\n' +
          'You specified the following:\n' +
          '[--fail, --fail-with-error]\n',
        optionInError: '--fail,--fail-with-error'
      }
    ],
    error: undefined
  }
]
[2023/06/29 15:34:08.835] [WARN] [Imperative.js:462] Environmental setting for imperative log level ('CMD_CLI_IMPERATIVE_LOG_LEVEL') was blank.
[2023/06/29 15:34:08.837] [WARN] [Imperative.js:480] Environmental setting for app log level ('CMD_CLI_APP_LOG_LEVEL') was blank.
[2023/06/29 15:34:09.048] [ERROR] [CommandProcessor.js:946] Handler for command "test-async-handler" failed.
[2023/06/29 15:34:09.049] [ERROR] [CommandProcessor.js:949] Diagnostic information:
Platform: 'win32', Architecture: 'x64', Process.argv: 'C:\Program Files\nodejs\node.exe C:\ourstuff\repos\dev\imperative\.npm-global\node_modules\cmd-sample-cli\lib\index.js invoke test-async-handler --fail'
Node versions: '{
  "node": "18.16.0",
  "acorn": "8.8.2",
  "ada": "1.0.4",
  "ares": "1.19.0",
  "brotli": "1.0.9",
  "cldr": "42.0",
  "icu": "72.1",
  "llhttp": "6.0.10",
  "modules": "108",
  "napi": "8",
  "nghttp2": "1.52.0",
  "nghttp3": "0.7.0",
  "ngtcp2": "0.8.1",
  "openssl": "3.0.8+quic",
  "simdutf": "3.2.2",
  "tz": "2022g",
  "undici": "5.21.0",
  "unicode": "15.0",
  "uv": "1.44.2",
  "uvwasi": "0.0.15",
  "v8": "10.2.154.26-node.26",
  "zlib": "1.2.13"
}'Environmental variables: '{
  "ALLUSERSPROFILE": "C:\\ProgramData",
  "ANSICON": "174x1000 (174x58)",
  "ANSICON_DEF": "7",
  "APPDATA": "C:\\Users\\ej608771\\AppData\\Roaming",
  "CARGO_HOME": "C:\\pkgs\\cargo",
  "CMD_CLI_CLI_HOME": "C:\\ourstuff\\repos\\dev\\imperative\\__tests__\\__results__\\data\\0af57899-d18a-4d83-be6e-66ebe59e27ad_cmd_cli_test_async_handler",
  "COLOR": "1",
  "COMMONPROGRAMFILES": "C:\\Program Files\\Common Files",
  "COMPUTERNAME": "GSNMQV2",
  "COMSPEC": "C:\\WINDOWS\\system32\\cmd.exe",
  "ChocolateyInstall": "C:\\ProgramData\\chocolatey",
  "ChocolateyLastPathUpdate": "132476746047740870",
  "CommonProgramFiles(x86)": "C:\\Program Files (x86)\\Common Files",
  "CommonProgramW6432": "C:\\Program Files\\Common Files",
  "ConEmuANSI": "ON",
  "ConEmuAnsiLog": "",
  "ConEmuArgs2": "",
  "ConEmuArgs": "",
  "ConEmuBackHWND": "0x00140862",
  "ConEmuBaseDir": "C:\\Program Files\\ConEmu\\ConEmu",
  "ConEmuBaseDirShort": "C:\\PROGRA~1\\ConEmu\\ConEmu",
  "ConEmuBuild": "221218",
  "ConEmuCfgDir": "C:\\Users\\ej608771\\AppData\\Roaming",
  "ConEmuConfig": "",
  "ConEmuDir": "C:\\Program Files\\ConEmu",
  "ConEmuDrawHWND": "0x000F0FCE",
  "ConEmuDrive": "C:",
  "ConEmuHWND": "0x00550DD6",
  "ConEmuHooks": "Enabled",
  "ConEmuPID": "19172",
  "ConEmuPalette": "<Current color scheme>",
  "ConEmuServerPID": "24072",
  "ConEmuTask": "{Powershell 7}",
  "ConEmuWorkDir": "C:\\ourstuff\\repos\\dev\\imperative",
  "ConEmuWorkDrive": "C:",
  "DriverData": "C:\\Windows\\System32\\Drivers\\DriverData",
  "EDITOR": "C:\\WINDOWS\\notepad.exe",
  "FORCE_COLOR": "0",
  "FPS_BROWSER_APP_PROFILE_STRING": "Internet Explorer",
  "FPS_BROWSER_USER_PROFILE_STRING": "Default",
  "GENE_CLASSPATH": "c:\\pkgs\\cmds\\classes;c:\\pkgs\\cmds\\classes\\log4j-1.2.14.jar",
  "GENE_DIFF": "C:\\Program Files\\KDiff3\\bin\\kdiff3.exe",
  "GENE_EDIT": "C:\\pkgs\\CudaText\\cudatext.exe",
  "HOME": "C:\\Users\\ej608771",
  "HOMEDRIVE": "C:",
  "HOMEPATH": "\\Users\\ej608771",
  "INIT_CWD": "C:\\ourstuff\\repos\\dev\\imperative",
  "IntelliJ IDEA": "C:\\Program Files\\JetBrains\\IntelliJ IDEA 2019.2\\bin;",
  "JAVA_HOME": "c:\\pkgs\\java\\jdk",
  "JEST_JUNIT_ANCESTOR_SEPARATOR": " > ",
  "JEST_JUNIT_CLASSNAME": "Integration.{classname}",
  "JEST_JUNIT_OUTPUT": "__tests__\\__results__\\integration\\junit\\junit.xml",
  "JEST_JUNIT_TITLE": "{title}",
  "JEST_STARE_RESULT_DIR": "__tests__\\__results__\\integration\\html",
  "JEST_SUIT_NAME": "Integration Tests",
  "JEST_WORKER_ID": "1",
  "LOCALAPPDATA": "C:\\Users\\ej608771\\AppData\\Local",
  "LOGONSERVER": "\\\\WPDPASHEGC02",
  "NEXTHINK": "C:\\Program Files\\Nexthink\\Collector",
  "NODE": "C:\\Program Files\\nodejs\\node.exe",
  "NODE_ENV": "test",
  "NODE_EXE": "C:\\Program Files\\nodejs\\\\node.exe",
  "NPM_CLI_JS": "C:\\Program Files\\nodejs\\node_modules\\npm\\bin\\npm-cli.js",
  "NPM_PREFIX_NPM_CLI_JS": "C:\\Program Files\\nodejs\\node_modules\\npm\\bin\\npm-cli.js",
  "NUMBER_OF_PROCESSORS": "12",
  "NVM_HOME": "C:\\pkgs\\nvm",
  "NVM_SYMLINK": "C:\\Program Files\\nodejs",
  "OS": "Windows_NT",
  "OneDrive": "C:\\Users\\ej608771\\OneDrive",
  "PATH": "C:\\ourstuff\\repos\\dev\\imperative\\.npm-global;C:\\ourstuff\\repos\\dev\\imperative\\node_modules\\.bin;C:\\ourstuff\\repos\\dev\\node_modules\\.bin;C:\\ourstuff\\repos\\node_modules\\.bin;C:\\ourstuff\\node_modules\\.bin;C:\\node_modules\\.bin;C:\\pkgs\\nvm\\v18.16.0\\node_modules\\npm\\node_modules\\@npmcli\\run-script\\lib\\node-gyp-bin;C:\\Program Files\\PowerShell\\7;C:\\Program Files\\ConEmu\\ConEmu\\Scripts;C:\\Program Files\\ConEmu;C:\\Program Files\\ConEmu\\ConEmu;C:\\Program Files (x86)\\Common Files\\Oracle\\Java\\javapath;.;C:\\pkgs\\cmds\\winScr;C:\\pkgs\\cmds\\workScr;C:\\pkgs\\cmds\\bin;C:\\ourstuff\\records\\Broadcom\\zowe\\cmds;C:\\Program Files\\PowerShell\\7;C:\\Windows\\System32\\WindowsPowerShell\\v1.0;C:\\pkgs\\java\\jdk\\bin;C:\\Program Files\\JetBrains\\IntelliJ IDEA 2019.2\\bin;C:\\Program Files\\doxygen\\bin;C:\\pkgs\\Ruby25-x64\\bin;C:\\ProgramData\\chocolatey\\bin;C:\\windows\\system32;C:\\windows;C:\\windows\\System32\\Wbem;C:\\WINDOWS\\System32\\OpenSSH;C:\\Program Files\\Intel\\WiFi\\bin;C:\\Program Files\\Common Files\\Intel\\WirelessCommon;C:\\Program Files (x86)\\Box\\Box Edit;C:\\Program Files (x86)\\Symantec\\VIP Access Client;C:\\Program Files (x86)\\NVIDIA Corporation\\PhysX\\Common;C:\\Program Files\\dotnet;C:\\pkgs\\nvm;C:\\Program Files\\nodejs;C:\\Program Files (x86)\\GitExtensions;C:\\Program Files\\Git\\cmd;C:\\Program Files\\Git\\mingw64\\bin;C:\\Program Files\\Git\\usr\\bin;C:\\Program Files\\PowerShell\\7;C:\\pkgs\\cargo\\bin;C:\\Users\\ej608771\\AppData\\Local\\Microsoft\\WindowsApps",
  "PATHEXT": ".COM;.EXE;.BAT;.CMD;.VBS;.VBE;.JS;.JSE;.WSF;.WSH;.MSC;.RB;.RBW;.CPL",
  "PKGS": "c:\\pkgs",
  "POWERSHELL_DISTRIBUTION_CHANNEL": "MSI:Windows 10 Pro",
  "PROCESSOR_ARCHITECTURE": "AMD64",
  "PROCESSOR_IDENTIFIER": "Intel64 Family 6 Model 158 Stepping 10, GenuineIntel",
  "PROCESSOR_LEVEL": "6",
  "PROCESSOR_REVISION": "9e0a",
  "PROGRAMFILES": "C:\\Program Files",
  "PROMPT": "$P$G",
  "PSModulePath": "C:\\Users\\ej608771\\Documents\\PowerShell\\Modules;C:\\Program Files\\PowerShell\\Modules;c:\\program files\\powershell\\7\\Modules;C:\\Program Files\\WindowsPowerShell\\Modules;C:\\WINDOWS\\system32\\WindowsPowerShell\\v1.0\\Modules",
  "PUBLIC": "C:\\Users\\Public",
  "PWD": "C:/ourstuff/repos/dev/imperative/__tests__/__results__/data/0af57899-d18a-4d83-be6e-66ebe59e27ad_cmd_cli_test_async_handler",
  "ProgramData": "C:\\ProgramData",
  "ProgramFiles(x86)": "C:\\Program Files (x86)",
  "ProgramW6432": "C:\\Program Files",
  "SHLVL": "1",
  "SYSTEMDRIVE": "C:",
  "SYSTEMROOT": "C:\\WINDOWS",
  "TEMP": "C:\\Users\\ej608771\\AppData\\Local\\Temp",
  "TERM": "xterm-256color",
  "TMP": "C:\\Users\\ej608771\\AppData\\Local\\Temp",
  "TS_JEST": "1",
  "USERDNSDOMAIN": "BROADCOM.NET",
  "USERDOMAIN": "BRCMLTD",
  "USERDOMAIN_ROAMINGPROFILE": "BRCMLTD",
  "USERNAME": "ej608771",
  "USERPROFILE": "C:\\Users\\ej608771",
  "VBOX_MSI_INSTALL_PATH": "C:\\Program Files\\Oracle\\VirtualBox\\",
  "WINDIR": "C:\\WINDOWS",
  "ZES_ENABLE_SYSMAN": "1",
  "__COMPAT_LAYER": "DPIUnaware",
  "__PSLockDownPolicy": "0",
  "npm_command": "run-script",
  "npm_config_cache": "C:\\Users\\ej608771\\AppData\\Local\\npm-cache",
  "npm_config_global_prefix": "C:\\Program Files\\nodejs",
  "npm_config_globalconfig": "C:\\Program Files\\nodejs\\etc\\npmrc",
  "npm_config_http://registry.npmjs.org": "",
  "npm_config_init_module": "C:\\Users\\ej608771\\.npm-init.js",
  "npm_config_install_links": "false",
  "npm_config_local_prefix": "C:\\ourstuff\\repos\\dev\\imperative",
  "npm_config_metrics_registry": "https://registry.npmjs.org/",
  "npm_config_node_gyp": "C:\\pkgs\\nvm\\v18.16.0\\node_modules\\npm\\node_modules\\node-gyp\\bin\\node-gyp.js",
  "npm_config_noproxy": "",
  "npm_config_prefix": "C:\\Program Files\\nodejs",
  "npm_config_user_agent": "npm/9.5.1 node/v18.16.0 win32 x64 workspaces/false",
  "npm_config_userconfig": "C:\\Users\\ej608771\\.npmrc",
  "npm_execpath": "C:\\pkgs\\nvm\\v18.16.0\\node_modules\\npm\\bin\\npm-cli.js",
  "npm_lifecycle_event": "test:integration",
  "npm_lifecycle_script": "env-cmd ./__tests__/config/integration/.env.js --no-override jest -c ./__tests__/config/integration/jest.config.json --runInBand",
  "npm_node_execpath": "C:\\Program Files\\nodejs\\node.exe",
  "npm_package_engines_node": ">=14.0.0",
  "npm_package_json": "C:\\ourstuff\\repos\\dev\\imperative\\package.json",
  "npm_package_name": "@zowe/imperative",
  "npm_package_version": "5.15.0",
  "ourstuff": "c:\\ourstuff",
  "zowe_set_env_test": "C:\\Users\\ej608771\\.zowe\\bin;C:\\Program Files\\PowerShell\\7;C:\\Program Files\\ConEmu\\ConEmu\\Scripts;C:\\Program Files\\ConEmu;C:\\Program Files\\ConEmu\\ConEmu;.\\;c:\\pkgs\\cmds\\winScr;c:\\pkgs\\cmds\\workScr;c:\\pkgs\\cmds\\bin;C:\\ourstuff\\records\\Broadcom\\zowe\\cmds;C:\\Program Files (x86)\\GitExtensions\\;C:\\Program Files\\Git\\cmd;C:\\Program Files\\Git\\mingw64\\bin;C:\\Program Files\\Git\\usr\\bin;C:\\Program Files\\PowerShell\\7;C:\\Windows\\System32\\WindowsPowerShell\\v1.0;C:\\Program Files (x86)\\Common Files\\Oracle\\Java\\javapath;C:\\pkgs\\java\\jdk\\bin;C:\\Program Files\\JetBrains\\IntelliJ IDEA 2019.2\\bin;C:\\Program Files\\doxygen\\bin;C:\\pkgs\\Ruby25-x64\\bin;C:\\ProgramData\\chocolatey\\bin;C:\\windows\\system32;C:\\windows;C:\\windows\\System32\\Wbem;C:\\WINDOWS\\System32\\OpenSSH\\;C:\\Program Files\\Intel\\WiFi\\bin\\;C:\\Program Files\\Common Files\\Intel\\WirelessCommon\\;C:\\Program Files (x86)\\Box\\Box Edit\\;C:\\Program Files (x86)\\Symantec\\VIP Access Client\\;C:\\Program Files (x86)\\NVIDIA Corporation\\PhysX\\Common;C:\\pkgs\\cargo\\bin;C:\\Users\\ej608771\\AppData\\Local"
}'
[2023/06/29 15:34:09.050] [ERROR] [CommandProcessor.js:957] Handler for test-async-handler rejected by thrown ImperativeError.
[2023/06/29 15:34:09.052] [ERROR] [CommandYargs.js:148] Error in command test-async-handler
[2023/06/29 15:34:09.053] [ERROR] [CommandYargs.js:149] [
  {
    success: false,
    exitCode: 1,
    message: 'Fail with Imperative Error',
    stdout: <Buffer >,
    stderr: <Buffer 43 6f 6d 6d 61 6e 64 20 45 72 72 6f 72 3a 0a 46 61 69 6c 20 77 69 74 68 20 49 6d 70 65 72 61 74 69 76 65 20 45 72 72 6f 72 0a>,
    data: {},
    error: { msg: 'Fail with Imperative Error' }
  }
]
[2023/06/29 15:34:12.599] [WARN] [Imperative.js:462] Environmental setting for imperative log level ('CMD_CLI_IMPERATIVE_LOG_LEVEL') was blank.
[2023/06/29 15:34:12.600] [WARN] [Imperative.js:480] Environmental setting for app log level ('CMD_CLI_APP_LOG_LEVEL') was blank.
[2023/06/29 15:34:12.811] [ERROR] [CommandProcessor.js:946] Handler for command "test-async-handler" failed.
[2023/06/29 15:34:12.812] [ERROR] [CommandProcessor.js:949] Diagnostic information:
Platform: 'win32', Architecture: 'x64', Process.argv: 'C:\Program Files\nodejs\node.exe C:\ourstuff\repos\dev\imperative\.npm-global\node_modules\cmd-sample-cli\lib\index.js invoke test-async-handler --fail --rfj'
Node versions: '{
  "node": "18.16.0",
  "acorn": "8.8.2",
  "ada": "1.0.4",
  "ares": "1.19.0",
  "brotli": "1.0.9",
  "cldr": "42.0",
  "icu": "72.1",
  "llhttp": "6.0.10",
  "modules": "108",
  "napi": "8",
  "nghttp2": "1.52.0",
  "nghttp3": "0.7.0",
  "ngtcp2": "0.8.1",
  "openssl": "3.0.8+quic",
  "simdutf": "3.2.2",
  "tz": "2022g",
  "undici": "5.21.0",
  "unicode": "15.0",
  "uv": "1.44.2",
  "uvwasi": "0.0.15",
  "v8": "10.2.154.26-node.26",
  "zlib": "1.2.13"
}'Environmental variables: '{
  "ALLUSERSPROFILE": "C:\\ProgramData",
  "ANSICON": "174x1000 (174x58)",
  "ANSICON_DEF": "7",
  "APPDATA": "C:\\Users\\ej608771\\AppData\\Roaming",
  "CARGO_HOME": "C:\\pkgs\\cargo",
  "CMD_CLI_CLI_HOME": "C:\\ourstuff\\repos\\dev\\imperative\\__tests__\\__results__\\data\\0af57899-d18a-4d83-be6e-66ebe59e27ad_cmd_cli_test_async_handler",
  "COLOR": "1",
  "COMMONPROGRAMFILES": "C:\\Program Files\\Common Files",
  "COMPUTERNAME": "GSNMQV2",
  "COMSPEC": "C:\\WINDOWS\\system32\\cmd.exe",
  "ChocolateyInstall": "C:\\ProgramData\\chocolatey",
  "ChocolateyLastPathUpdate": "132476746047740870",
  "CommonProgramFiles(x86)": "C:\\Program Files (x86)\\Common Files",
  "CommonProgramW6432": "C:\\Program Files\\Common Files",
  "ConEmuANSI": "ON",
  "ConEmuAnsiLog": "",
  "ConEmuArgs2": "",
  "ConEmuArgs": "",
  "ConEmuBackHWND": "0x00140862",
  "ConEmuBaseDir": "C:\\Program Files\\ConEmu\\ConEmu",
  "ConEmuBaseDirShort": "C:\\PROGRA~1\\ConEmu\\ConEmu",
  "ConEmuBuild": "221218",
  "ConEmuCfgDir": "C:\\Users\\ej608771\\AppData\\Roaming",
  "ConEmuConfig": "",
  "ConEmuDir": "C:\\Program Files\\ConEmu",
  "ConEmuDrawHWND": "0x000F0FCE",
  "ConEmuDrive": "C:",
  "ConEmuHWND": "0x00550DD6",
  "ConEmuHooks": "Enabled",
  "ConEmuPID": "19172",
  "ConEmuPalette": "<Current color scheme>",
  "ConEmuServerPID": "24072",
  "ConEmuTask": "{Powershell 7}",
  "ConEmuWorkDir": "C:\\ourstuff\\repos\\dev\\imperative",
  "ConEmuWorkDrive": "C:",
  "DriverData": "C:\\Windows\\System32\\Drivers\\DriverData",
  "EDITOR": "C:\\WINDOWS\\notepad.exe",
  "FORCE_COLOR": "0",
  "FPS_BROWSER_APP_PROFILE_STRING": "Internet Explorer",
  "FPS_BROWSER_USER_PROFILE_STRING": "Default",
  "GENE_CLASSPATH": "c:\\pkgs\\cmds\\classes;c:\\pkgs\\cmds\\classes\\log4j-1.2.14.jar",
  "GENE_DIFF": "C:\\Program Files\\KDiff3\\bin\\kdiff3.exe",
  "GENE_EDIT": "C:\\pkgs\\CudaText\\cudatext.exe",
  "HOME": "C:\\Users\\ej608771",
  "HOMEDRIVE": "C:",
  "HOMEPATH": "\\Users\\ej608771",
  "INIT_CWD": "C:\\ourstuff\\repos\\dev\\imperative",
  "IntelliJ IDEA": "C:\\Program Files\\JetBrains\\IntelliJ IDEA 2019.2\\bin;",
  "JAVA_HOME": "c:\\pkgs\\java\\jdk",
  "JEST_JUNIT_ANCESTOR_SEPARATOR": " > ",
  "JEST_JUNIT_CLASSNAME": "Integration.{classname}",
  "JEST_JUNIT_OUTPUT": "__tests__\\__results__\\integration\\junit\\junit.xml",
  "JEST_JUNIT_TITLE": "{title}",
  "JEST_STARE_RESULT_DIR": "__tests__\\__results__\\integration\\html",
  "JEST_SUIT_NAME": "Integration Tests",
  "JEST_WORKER_ID": "1",
  "LOCALAPPDATA": "C:\\Users\\ej608771\\AppData\\Local",
  "LOGONSERVER": "\\\\WPDPASHEGC02",
  "NEXTHINK": "C:\\Program Files\\Nexthink\\Collector",
  "NODE": "C:\\Program Files\\nodejs\\node.exe",
  "NODE_ENV": "test",
  "NODE_EXE": "C:\\Program Files\\nodejs\\\\node.exe",
  "NPM_CLI_JS": "C:\\Program Files\\nodejs\\node_modules\\npm\\bin\\npm-cli.js",
  "NPM_PREFIX_NPM_CLI_JS": "C:\\Program Files\\nodejs\\node_modules\\npm\\bin\\npm-cli.js",
  "NUMBER_OF_PROCESSORS": "12",
  "NVM_HOME": "C:\\pkgs\\nvm",
  "NVM_SYMLINK": "C:\\Program Files\\nodejs",
  "OS": "Windows_NT",
  "OneDrive": "C:\\Users\\ej608771\\OneDrive",
  "PATH": "C:\\ourstuff\\repos\\dev\\imperative\\.npm-global;C:\\ourstuff\\repos\\dev\\imperative\\node_modules\\.bin;C:\\ourstuff\\repos\\dev\\node_modules\\.bin;C:\\ourstuff\\repos\\node_modules\\.bin;C:\\ourstuff\\node_modules\\.bin;C:\\node_modules\\.bin;C:\\pkgs\\nvm\\v18.16.0\\node_modules\\npm\\node_modules\\@npmcli\\run-script\\lib\\node-gyp-bin;C:\\Program Files\\PowerShell\\7;C:\\Program Files\\ConEmu\\ConEmu\\Scripts;C:\\Program Files\\ConEmu;C:\\Program Files\\ConEmu\\ConEmu;C:\\Program Files (x86)\\Common Files\\Oracle\\Java\\javapath;.;C:\\pkgs\\cmds\\winScr;C:\\pkgs\\cmds\\workScr;C:\\pkgs\\cmds\\bin;C:\\ourstuff\\records\\Broadcom\\zowe\\cmds;C:\\Program Files\\PowerShell\\7;C:\\Windows\\System32\\WindowsPowerShell\\v1.0;C:\\pkgs\\java\\jdk\\bin;C:\\Program Files\\JetBrains\\IntelliJ IDEA 2019.2\\bin;C:\\Program Files\\doxygen\\bin;C:\\pkgs\\Ruby25-x64\\bin;C:\\ProgramData\\chocolatey\\bin;C:\\windows\\system32;C:\\windows;C:\\windows\\System32\\Wbem;C:\\WINDOWS\\System32\\OpenSSH;C:\\Program Files\\Intel\\WiFi\\bin;C:\\Program Files\\Common Files\\Intel\\WirelessCommon;C:\\Program Files (x86)\\Box\\Box Edit;C:\\Program Files (x86)\\Symantec\\VIP Access Client;C:\\Program Files (x86)\\NVIDIA Corporation\\PhysX\\Common;C:\\Program Files\\dotnet;C:\\pkgs\\nvm;C:\\Program Files\\nodejs;C:\\Program Files (x86)\\GitExtensions;C:\\Program Files\\Git\\cmd;C:\\Program Files\\Git\\mingw64\\bin;C:\\Program Files\\Git\\usr\\bin;C:\\Program Files\\PowerShell\\7;C:\\pkgs\\cargo\\bin;C:\\Users\\ej608771\\AppData\\Local\\Microsoft\\WindowsApps",
  "PATHEXT": ".COM;.EXE;.BAT;.CMD;.VBS;.VBE;.JS;.JSE;.WSF;.WSH;.MSC;.RB;.RBW;.CPL",
  "PKGS": "c:\\pkgs",
  "POWERSHELL_DISTRIBUTION_CHANNEL": "MSI:Windows 10 Pro",
  "PROCESSOR_ARCHITECTURE": "AMD64",
  "PROCESSOR_IDENTIFIER": "Intel64 Family 6 Model 158 Stepping 10, GenuineIntel",
  "PROCESSOR_LEVEL": "6",
  "PROCESSOR_REVISION": "9e0a",
  "PROGRAMFILES": "C:\\Program Files",
  "PROMPT": "$P$G",
  "PSModulePath": "C:\\Users\\ej608771\\Documents\\PowerShell\\Modules;C:\\Program Files\\PowerShell\\Modules;c:\\program files\\powershell\\7\\Modules;C:\\Program Files\\WindowsPowerShell\\Modules;C:\\WINDOWS\\system32\\WindowsPowerShell\\v1.0\\Modules",
  "PUBLIC": "C:\\Users\\Public",
  "PWD": "C:/ourstuff/repos/dev/imperative/__tests__/__results__/data/0af57899-d18a-4d83-be6e-66ebe59e27ad_cmd_cli_test_async_handler",
  "ProgramData": "C:\\ProgramData",
  "ProgramFiles(x86)": "C:\\Program Files (x86)",
  "ProgramW6432": "C:\\Program Files",
  "SHLVL": "1",
  "SYSTEMDRIVE": "C:",
  "SYSTEMROOT": "C:\\WINDOWS",
  "TEMP": "C:\\Users\\ej608771\\AppData\\Local\\Temp",
  "TERM": "xterm-256color",
  "TMP": "C:\\Users\\ej608771\\AppData\\Local\\Temp",
  "TS_JEST": "1",
  "USERDNSDOMAIN": "BROADCOM.NET",
  "USERDOMAIN": "BRCMLTD",
  "USERDOMAIN_ROAMINGPROFILE": "BRCMLTD",
  "USERNAME": "ej608771",
  "USERPROFILE": "C:\\Users\\ej608771",
  "VBOX_MSI_INSTALL_PATH": "C:\\Program Files\\Oracle\\VirtualBox\\",
  "WINDIR": "C:\\WINDOWS",
  "ZES_ENABLE_SYSMAN": "1",
  "__COMPAT_LAYER": "DPIUnaware",
  "__PSLockDownPolicy": "0",
  "npm_command": "run-script",
  "npm_config_cache": "C:\\Users\\ej608771\\AppData\\Local\\npm-cache",
  "npm_config_global_prefix": "C:\\Program Files\\nodejs",
  "npm_config_globalconfig": "C:\\Program Files\\nodejs\\etc\\npmrc",
  "npm_config_http://registry.npmjs.org": "",
  "npm_config_init_module": "C:\\Users\\ej608771\\.npm-init.js",
  "npm_config_install_links": "false",
  "npm_config_local_prefix": "C:\\ourstuff\\repos\\dev\\imperative",
  "npm_config_metrics_registry": "https://registry.npmjs.org/",
  "npm_config_node_gyp": "C:\\pkgs\\nvm\\v18.16.0\\node_modules\\npm\\node_modules\\node-gyp\\bin\\node-gyp.js",
  "npm_config_noproxy": "",
  "npm_config_prefix": "C:\\Program Files\\nodejs",
  "npm_config_user_agent": "npm/9.5.1 node/v18.16.0 win32 x64 workspaces/false",
  "npm_config_userconfig": "C:\\Users\\ej608771\\.npmrc",
  "npm_execpath": "C:\\pkgs\\nvm\\v18.16.0\\node_modules\\npm\\bin\\npm-cli.js",
  "npm_lifecycle_event": "test:integration",
  "npm_lifecycle_script": "env-cmd ./__tests__/config/integration/.env.js --no-override jest -c ./__tests__/config/integration/jest.config.json --runInBand",
  "npm_node_execpath": "C:\\Program Files\\nodejs\\node.exe",
  "npm_package_engines_node": ">=14.0.0",
  "npm_package_json": "C:\\ourstuff\\repos\\dev\\imperative\\package.json",
  "npm_package_name": "@zowe/imperative",
  "npm_package_version": "5.15.0",
  "ourstuff": "c:\\ourstuff",
  "zowe_set_env_test": "C:\\Users\\ej608771\\.zowe\\bin;C:\\Program Files\\PowerShell\\7;C:\\Program Files\\ConEmu\\ConEmu\\Scripts;C:\\Program Files\\ConEmu;C:\\Program Files\\ConEmu\\ConEmu;.\\;c:\\pkgs\\cmds\\winScr;c:\\pkgs\\cmds\\workScr;c:\\pkgs\\cmds\\bin;C:\\ourstuff\\records\\Broadcom\\zowe\\cmds;C:\\Program Files (x86)\\GitExtensions\\;C:\\Program Files\\Git\\cmd;C:\\Program Files\\Git\\mingw64\\bin;C:\\Program Files\\Git\\usr\\bin;C:\\Program Files\\PowerShell\\7;C:\\Windows\\System32\\WindowsPowerShell\\v1.0;C:\\Program Files (x86)\\Common Files\\Oracle\\Java\\javapath;C:\\pkgs\\java\\jdk\\bin;C:\\Program Files\\JetBrains\\IntelliJ IDEA 2019.2\\bin;C:\\Program Files\\doxygen\\bin;C:\\pkgs\\Ruby25-x64\\bin;C:\\ProgramData\\chocolatey\\bin;C:\\windows\\system32;C:\\windows;C:\\windows\\System32\\Wbem;C:\\WINDOWS\\System32\\OpenSSH\\;C:\\Program Files\\Intel\\WiFi\\bin\\;C:\\Program Files\\Common Files\\Intel\\WirelessCommon\\;C:\\Program Files (x86)\\Box\\Box Edit\\;C:\\Program Files (x86)\\Symantec\\VIP Access Client\\;C:\\Program Files (x86)\\NVIDIA Corporation\\PhysX\\Common;C:\\pkgs\\cargo\\bin;C:\\Users\\ej608771\\AppData\\Local"
}'
[2023/06/29 15:34:12.813] [ERROR] [CommandProcessor.js:957] Handler for test-async-handler rejected by thrown ImperativeError.
[2023/06/29 15:34:12.816] [ERROR] [CommandYargs.js:148] Error in command test-async-handler
[2023/06/29 15:34:12.816] [ERROR] [CommandYargs.js:149] [
  {
    success: false,
    exitCode: 1,
    message: 'Fail with Imperative Error',
    stdout: <Buffer >,
    stderr: <Buffer 43 6f 6d 6d 61 6e 64 20 45 72 72 6f 72 3a 0a 46 61 69 6c 20 77 69 74 68 20 49 6d 70 65 72 61 74 69 76 65 20 45 72 72 6f 72 0a>,
    data: {},
    error: { msg: 'Fail with Imperative Error' }
  }
]
[2023/06/29 15:34:16.966] [WARN] [Imperative.js:462] Environmental setting for imperative log level ('CMD_CLI_IMPERATIVE_LOG_LEVEL') was blank.
[2023/06/29 15:34:16.967] [WARN] [Imperative.js:480] Environmental setting for app log level ('CMD_CLI_APP_LOG_LEVEL') was blank.
[2023/06/29 15:34:17.186] [ERROR] [CommandProcessor.js:946] Handler for command "test-async-handler" failed.
[2023/06/29 15:34:17.188] [ERROR] [CommandProcessor.js:949] Diagnostic information:
Platform: 'win32', Architecture: 'x64', Process.argv: 'C:\Program Files\nodejs\node.exe C:\ourstuff\repos\dev\imperative\.npm-global\node_modules\cmd-sample-cli\lib\index.js invoke test-async-handler --fail-with-error'
Node versions: '{
  "node": "18.16.0",
  "acorn": "8.8.2",
  "ada": "1.0.4",
  "ares": "1.19.0",
  "brotli": "1.0.9",
  "cldr": "42.0",
  "icu": "72.1",
  "llhttp": "6.0.10",
  "modules": "108",
  "napi": "8",
  "nghttp2": "1.52.0",
  "nghttp3": "0.7.0",
  "ngtcp2": "0.8.1",
  "openssl": "3.0.8+quic",
  "simdutf": "3.2.2",
  "tz": "2022g",
  "undici": "5.21.0",
  "unicode": "15.0",
  "uv": "1.44.2",
  "uvwasi": "0.0.15",
  "v8": "10.2.154.26-node.26",
  "zlib": "1.2.13"
}'Environmental variables: '{
  "ALLUSERSPROFILE": "C:\\ProgramData",
  "ANSICON": "174x1000 (174x58)",
  "ANSICON_DEF": "7",
  "APPDATA": "C:\\Users\\ej608771\\AppData\\Roaming",
  "CARGO_HOME": "C:\\pkgs\\cargo",
  "CMD_CLI_CLI_HOME": "C:\\ourstuff\\repos\\dev\\imperative\\__tests__\\__results__\\data\\0af57899-d18a-4d83-be6e-66ebe59e27ad_cmd_cli_test_async_handler",
  "COLOR": "1",
  "COMMONPROGRAMFILES": "C:\\Program Files\\Common Files",
  "COMPUTERNAME": "GSNMQV2",
  "COMSPEC": "C:\\WINDOWS\\system32\\cmd.exe",
  "ChocolateyInstall": "C:\\ProgramData\\chocolatey",
  "ChocolateyLastPathUpdate": "132476746047740870",
  "CommonProgramFiles(x86)": "C:\\Program Files (x86)\\Common Files",
  "CommonProgramW6432": "C:\\Program Files\\Common Files",
  "ConEmuANSI": "ON",
  "ConEmuAnsiLog": "",
  "ConEmuArgs2": "",
  "ConEmuArgs": "",
  "ConEmuBackHWND": "0x00140862",
  "ConEmuBaseDir": "C:\\Program Files\\ConEmu\\ConEmu",
  "ConEmuBaseDirShort": "C:\\PROGRA~1\\ConEmu\\ConEmu",
  "ConEmuBuild": "221218",
  "ConEmuCfgDir": "C:\\Users\\ej608771\\AppData\\Roaming",
  "ConEmuConfig": "",
  "ConEmuDir": "C:\\Program Files\\ConEmu",
  "ConEmuDrawHWND": "0x000F0FCE",
  "ConEmuDrive": "C:",
  "ConEmuHWND": "0x00550DD6",
  "ConEmuHooks": "Enabled",
  "ConEmuPID": "19172",
  "ConEmuPalette": "<Current color scheme>",
  "ConEmuServerPID": "24072",
  "ConEmuTask": "{Powershell 7}",
  "ConEmuWorkDir": "C:\\ourstuff\\repos\\dev\\imperative",
  "ConEmuWorkDrive": "C:",
  "DriverData": "C:\\Windows\\System32\\Drivers\\DriverData",
  "EDITOR": "C:\\WINDOWS\\notepad.exe",
  "FORCE_COLOR": "0",
  "FPS_BROWSER_APP_PROFILE_STRING": "Internet Explorer",
  "FPS_BROWSER_USER_PROFILE_STRING": "Default",
  "GENE_CLASSPATH": "c:\\pkgs\\cmds\\classes;c:\\pkgs\\cmds\\classes\\log4j-1.2.14.jar",
  "GENE_DIFF": "C:\\Program Files\\KDiff3\\bin\\kdiff3.exe",
  "GENE_EDIT": "C:\\pkgs\\CudaText\\cudatext.exe",
  "HOME": "C:\\Users\\ej608771",
  "HOMEDRIVE": "C:",
  "HOMEPATH": "\\Users\\ej608771",
  "INIT_CWD": "C:\\ourstuff\\repos\\dev\\imperative",
  "IntelliJ IDEA": "C:\\Program Files\\JetBrains\\IntelliJ IDEA 2019.2\\bin;",
  "JAVA_HOME": "c:\\pkgs\\java\\jdk",
  "JEST_JUNIT_ANCESTOR_SEPARATOR": " > ",
  "JEST_JUNIT_CLASSNAME": "Integration.{classname}",
  "JEST_JUNIT_OUTPUT": "__tests__\\__results__\\integration\\junit\\junit.xml",
  "JEST_JUNIT_TITLE": "{title}",
  "JEST_STARE_RESULT_DIR": "__tests__\\__results__\\integration\\html",
  "JEST_SUIT_NAME": "Integration Tests",
  "JEST_WORKER_ID": "1",
  "LOCALAPPDATA": "C:\\Users\\ej608771\\AppData\\Local",
  "LOGONSERVER": "\\\\WPDPASHEGC02",
  "NEXTHINK": "C:\\Program Files\\Nexthink\\Collector",
  "NODE": "C:\\Program Files\\nodejs\\node.exe",
  "NODE_ENV": "test",
  "NODE_EXE": "C:\\Program Files\\nodejs\\\\node.exe",
  "NPM_CLI_JS": "C:\\Program Files\\nodejs\\node_modules\\npm\\bin\\npm-cli.js",
  "NPM_PREFIX_NPM_CLI_JS": "C:\\Program Files\\nodejs\\node_modules\\npm\\bin\\npm-cli.js",
  "NUMBER_OF_PROCESSORS": "12",
  "NVM_HOME": "C:\\pkgs\\nvm",
  "NVM_SYMLINK": "C:\\Program Files\\nodejs",
  "OS": "Windows_NT",
  "OneDrive": "C:\\Users\\ej608771\\OneDrive",
  "PATH": "C:\\ourstuff\\repos\\dev\\imperative\\.npm-global;C:\\ourstuff\\repos\\dev\\imperative\\node_modules\\.bin;C:\\ourstuff\\repos\\dev\\node_modules\\.bin;C:\\ourstuff\\repos\\node_modules\\.bin;C:\\ourstuff\\node_modules\\.bin;C:\\node_modules\\.bin;C:\\pkgs\\nvm\\v18.16.0\\node_modules\\npm\\node_modules\\@npmcli\\run-script\\lib\\node-gyp-bin;C:\\Program Files\\PowerShell\\7;C:\\Program Files\\ConEmu\\ConEmu\\Scripts;C:\\Program Files\\ConEmu;C:\\Program Files\\ConEmu\\ConEmu;C:\\Program Files (x86)\\Common Files\\Oracle\\Java\\javapath;.;C:\\pkgs\\cmds\\winScr;C:\\pkgs\\cmds\\workScr;C:\\pkgs\\cmds\\bin;C:\\ourstuff\\records\\Broadcom\\zowe\\cmds;C:\\Program Files\\PowerShell\\7;C:\\Windows\\System32\\WindowsPowerShell\\v1.0;C:\\pkgs\\java\\jdk\\bin;C:\\Program Files\\JetBrains\\IntelliJ IDEA 2019.2\\bin;C:\\Program Files\\doxygen\\bin;C:\\pkgs\\Ruby25-x64\\bin;C:\\ProgramData\\chocolatey\\bin;C:\\windows\\system32;C:\\windows;C:\\windows\\System32\\Wbem;C:\\WINDOWS\\System32\\OpenSSH;C:\\Program Files\\Intel\\WiFi\\bin;C:\\Program Files\\Common Files\\Intel\\WirelessCommon;C:\\Program Files (x86)\\Box\\Box Edit;C:\\Program Files (x86)\\Symantec\\VIP Access Client;C:\\Program Files (x86)\\NVIDIA Corporation\\PhysX\\Common;C:\\Program Files\\dotnet;C:\\pkgs\\nvm;C:\\Program Files\\nodejs;C:\\Program Files (x86)\\GitExtensions;C:\\Program Files\\Git\\cmd;C:\\Program Files\\Git\\mingw64\\bin;C:\\Program Files\\Git\\usr\\bin;C:\\Program Files\\PowerShell\\7;C:\\pkgs\\cargo\\bin;C:\\Users\\ej608771\\AppData\\Local\\Microsoft\\WindowsApps",
  "PATHEXT": ".COM;.EXE;.BAT;.CMD;.VBS;.VBE;.JS;.JSE;.WSF;.WSH;.MSC;.RB;.RBW;.CPL",
  "PKGS": "c:\\pkgs",
  "POWERSHELL_DISTRIBUTION_CHANNEL": "MSI:Windows 10 Pro",
  "PROCESSOR_ARCHITECTURE": "AMD64",
  "PROCESSOR_IDENTIFIER": "Intel64 Family 6 Model 158 Stepping 10, GenuineIntel",
  "PROCESSOR_LEVEL": "6",
  "PROCESSOR_REVISION": "9e0a",
  "PROGRAMFILES": "C:\\Program Files",
  "PROMPT": "$P$G",
  "PSModulePath": "C:\\Users\\ej608771\\Documents\\PowerShell\\Modules;C:\\Program Files\\PowerShell\\Modules;c:\\program files\\powershell\\7\\Modules;C:\\Program Files\\WindowsPowerShell\\Modules;C:\\WINDOWS\\system32\\WindowsPowerShell\\v1.0\\Modules",
  "PUBLIC": "C:\\Users\\Public",
  "PWD": "C:/ourstuff/repos/dev/imperative/__tests__/__results__/data/0af57899-d18a-4d83-be6e-66ebe59e27ad_cmd_cli_test_async_handler",
  "ProgramData": "C:\\ProgramData",
  "ProgramFiles(x86)": "C:\\Program Files (x86)",
  "ProgramW6432": "C:\\Program Files",
  "SHLVL": "1",
  "SYSTEMDRIVE": "C:",
  "SYSTEMROOT": "C:\\WINDOWS",
  "TEMP": "C:\\Users\\ej608771\\AppData\\Local\\Temp",
  "TERM": "xterm-256color",
  "TMP": "C:\\Users\\ej608771\\AppData\\Local\\Temp",
  "TS_JEST": "1",
  "USERDNSDOMAIN": "BROADCOM.NET",
  "USERDOMAIN": "BRCMLTD",
  "USERDOMAIN_ROAMINGPROFILE": "BRCMLTD",
  "USERNAME": "ej608771",
  "USERPROFILE": "C:\\Users\\ej608771",
  "VBOX_MSI_INSTALL_PATH": "C:\\Program Files\\Oracle\\VirtualBox\\",
  "WINDIR": "C:\\WINDOWS",
  "ZES_ENABLE_SYSMAN": "1",
  "__COMPAT_LAYER": "DPIUnaware",
  "__PSLockDownPolicy": "0",
  "npm_command": "run-script",
  "npm_config_cache": "C:\\Users\\ej608771\\AppData\\Local\\npm-cache",
  "npm_config_global_prefix": "C:\\Program Files\\nodejs",
  "npm_config_globalconfig": "C:\\Program Files\\nodejs\\etc\\npmrc",
  "npm_config_http://registry.npmjs.org": "",
  "npm_config_init_module": "C:\\Users\\ej608771\\.npm-init.js",
  "npm_config_install_links": "false",
  "npm_config_local_prefix": "C:\\ourstuff\\repos\\dev\\imperative",
  "npm_config_metrics_registry": "https://registry.npmjs.org/",
  "npm_config_node_gyp": "C:\\pkgs\\nvm\\v18.16.0\\node_modules\\npm\\node_modules\\node-gyp\\bin\\node-gyp.js",
  "npm_config_noproxy": "",
  "npm_config_prefix": "C:\\Program Files\\nodejs",
  "npm_config_user_agent": "npm/9.5.1 node/v18.16.0 win32 x64 workspaces/false",
  "npm_config_userconfig": "C:\\Users\\ej608771\\.npmrc",
  "npm_execpath": "C:\\pkgs\\nvm\\v18.16.0\\node_modules\\npm\\bin\\npm-cli.js",
  "npm_lifecycle_event": "test:integration",
  "npm_lifecycle_script": "env-cmd ./__tests__/config/integration/.env.js --no-override jest -c ./__tests__/config/integration/jest.config.json --runInBand",
  "npm_node_execpath": "C:\\Program Files\\nodejs\\node.exe",
  "npm_package_engines_node": ">=14.0.0",
  "npm_package_json": "C:\\ourstuff\\repos\\dev\\imperative\\package.json",
  "npm_package_name": "@zowe/imperative",
  "npm_package_version": "5.15.0",
  "ourstuff": "c:\\ourstuff",
  "zowe_set_env_test": "C:\\Users\\ej608771\\.zowe\\bin;C:\\Program Files\\PowerShell\\7;C:\\Program Files\\ConEmu\\ConEmu\\Scripts;C:\\Program Files\\ConEmu;C:\\Program Files\\ConEmu\\ConEmu;.\\;c:\\pkgs\\cmds\\winScr;c:\\pkgs\\cmds\\workScr;c:\\pkgs\\cmds\\bin;C:\\ourstuff\\records\\Broadcom\\zowe\\cmds;C:\\Program Files (x86)\\GitExtensions\\;C:\\Program Files\\Git\\cmd;C:\\Program Files\\Git\\mingw64\\bin;C:\\Program Files\\Git\\usr\\bin;C:\\Program Files\\PowerShell\\7;C:\\Windows\\System32\\WindowsPowerShell\\v1.0;C:\\Program Files (x86)\\Common Files\\Oracle\\Java\\javapath;C:\\pkgs\\java\\jdk\\bin;C:\\Program Files\\JetBrains\\IntelliJ IDEA 2019.2\\bin;C:\\Program Files\\doxygen\\bin;C:\\pkgs\\Ruby25-x64\\bin;C:\\ProgramData\\chocolatey\\bin;C:\\windows\\system32;C:\\windows;C:\\windows\\System32\\Wbem;C:\\WINDOWS\\System32\\OpenSSH\\;C:\\Program Files\\Intel\\WiFi\\bin\\;C:\\Program Files\\Common Files\\Intel\\WirelessCommon\\;C:\\Program Files (x86)\\Box\\Box Edit\\;C:\\Program Files (x86)\\Symantec\\VIP Access Client\\;C:\\Program Files (x86)\\NVIDIA Corporation\\PhysX\\Common;C:\\pkgs\\cargo\\bin;C:\\Users\\ej608771\\AppData\\Local"
}'
[2023/06/29 15:34:17.188] [ERROR] [CommandProcessor.js:1006] Handler for test-async-handler rejected by unhandled exception.
[2023/06/29 15:34:17.190] [ERROR] [CommandProcessor.js:1009] An error was thrown during command execution of "test-async-handler". Error Details: Fail with Error
[2023/06/29 15:34:17.191] [ERROR] [CommandProcessor.js:1026] Error stack: Error: Fail with Error
    at TestAsyncHandler.<anonymous> (C:\ourstuff\repos\dev\imperative\__tests__\__integration__\cmd\lib\cli\invoke\test-async-handler\TestAsyncHandler.handler.js:38:23)
    at Generator.next (<anonymous>)
    at C:\ourstuff\repos\dev\imperative\__tests__\__integration__\cmd\lib\cli\invoke\test-async-handler\TestAsyncHandler.handler.js:18:71
    at new Promise (<anonymous>)
    at __awaiter (C:\ourstuff\repos\dev\imperative\__tests__\__integration__\cmd\lib\cli\invoke\test-async-handler\TestAsyncHandler.handler.js:14:12)
    at TestAsyncHandler.process (C:\ourstuff\repos\dev\imperative\__tests__\__integration__\cmd\lib\cli\invoke\test-async-handler\TestAsyncHandler.handler.js:31:16)
    at CommandProcessor.<anonymous> (C:\ourstuff\repos\dev\imperative\lib\cmd\src\CommandProcessor.js:489:39)
    at Generator.next (<anonymous>)
    at fulfilled (C:\ourstuff\repos\dev\imperative\lib\cmd\src\CommandProcessor.js:15:58)
[2023/06/29 15:34:17.193] [ERROR] [CommandYargs.js:148] Error in command test-async-handler
[2023/06/29 15:34:17.193] [ERROR] [CommandYargs.js:149] [
  {
    success: false,
    exitCode: 1,
    message: 'Unexpected Command Error: Fail with Error',
    stdout: <Buffer >,
    stderr: <Buffer 55 6e 65 78 70 65 63 74 65 64 20 43 6f 6d 6d 61 6e 64 20 45 72 72 6f 72 3a 0a 50 6c 65 61 73 65 20 72 65 76 69 65 77 20 74 68 65 20 6d 65 73 73 61 67 ... 1157 more bytes>,
    data: {},
    error: {
      msg: 'Fail with Error',
      stack: 'Error: Fail with Error\n' +
        '    at TestAsyncHandler.<anonymous> (C:\\ourstuff\\repos\\dev\\imperative\\__tests__\\__integration__\\cmd\\lib\\cli\\invoke\\test-async-handler\\TestAsyncHandler.handler.js:38:23)\n' +
        '    at Generator.next (<anonymous>)\n' +
        '    at C:\\ourstuff\\repos\\dev\\imperative\\__tests__\\__integration__\\cmd\\lib\\cli\\invoke\\test-async-handler\\TestAsyncHandler.handler.js:18:71\n' +
        '    at new Promise (<anonymous>)\n' +
        '    at __awaiter (C:\\ourstuff\\repos\\dev\\imperative\\__tests__\\__integration__\\cmd\\lib\\cli\\invoke\\test-async-handler\\TestAsyncHandler.handler.js:14:12)\n' +
        '    at TestAsyncHandler.process (C:\\ourstuff\\repos\\dev\\imperative\\__tests__\\__integration__\\cmd\\lib\\cli\\invoke\\test-async-handler\\TestAsyncHandler.handler.js:31:16)\n' +
        '    at CommandProcessor.<anonymous> (C:\\ourstuff\\repos\\dev\\imperative\\lib\\cmd\\src\\CommandProcessor.js:489:39)\n' +
        '    at Generator.next (<anonymous>)\n' +
        '    at fulfilled (C:\\ourstuff\\repos\\dev\\imperative\\lib\\cmd\\src\\CommandProcessor.js:15:58)'
    }
  }
]
[2023/06/29 15:34:21.243] [WARN] [Imperative.js:462] Environmental setting for imperative log level ('CMD_CLI_IMPERATIVE_LOG_LEVEL') was blank.
[2023/06/29 15:34:21.245] [WARN] [Imperative.js:480] Environmental setting for app log level ('CMD_CLI_APP_LOG_LEVEL') was blank.
[2023/06/29 15:34:21.502] [ERROR] [CommandProcessor.js:946] Handler for command "test-async-handler" failed.
[2023/06/29 15:34:21.504] [ERROR] [CommandProcessor.js:949] Diagnostic information:
Platform: 'win32', Architecture: 'x64', Process.argv: 'C:\Program Files\nodejs\node.exe C:\ourstuff\repos\dev\imperative\.npm-global\node_modules\cmd-sample-cli\lib\index.js invoke test-async-handler --fail-with-error --rfj'
Node versions: '{
  "node": "18.16.0",
  "acorn": "8.8.2",
  "ada": "1.0.4",
  "ares": "1.19.0",
  "brotli": "1.0.9",
  "cldr": "42.0",
  "icu": "72.1",
  "llhttp": "6.0.10",
  "modules": "108",
  "napi": "8",
  "nghttp2": "1.52.0",
  "nghttp3": "0.7.0",
  "ngtcp2": "0.8.1",
  "openssl": "3.0.8+quic",
  "simdutf": "3.2.2",
  "tz": "2022g",
  "undici": "5.21.0",
  "unicode": "15.0",
  "uv": "1.44.2",
  "uvwasi": "0.0.15",
  "v8": "10.2.154.26-node.26",
  "zlib": "1.2.13"
}'Environmental variables: '{
  "ALLUSERSPROFILE": "C:\\ProgramData",
  "ANSICON": "174x1000 (174x58)",
  "ANSICON_DEF": "7",
  "APPDATA": "C:\\Users\\ej608771\\AppData\\Roaming",
  "CARGO_HOME": "C:\\pkgs\\cargo",
  "CMD_CLI_CLI_HOME": "C:\\ourstuff\\repos\\dev\\imperative\\__tests__\\__results__\\data\\0af57899-d18a-4d83-be6e-66ebe59e27ad_cmd_cli_test_async_handler",
  "COLOR": "1",
  "COMMONPROGRAMFILES": "C:\\Program Files\\Common Files",
  "COMPUTERNAME": "GSNMQV2",
  "COMSPEC": "C:\\WINDOWS\\system32\\cmd.exe",
  "ChocolateyInstall": "C:\\ProgramData\\chocolatey",
  "ChocolateyLastPathUpdate": "132476746047740870",
  "CommonProgramFiles(x86)": "C:\\Program Files (x86)\\Common Files",
  "CommonProgramW6432": "C:\\Program Files\\Common Files",
  "ConEmuANSI": "ON",
  "ConEmuAnsiLog": "",
  "ConEmuArgs2": "",
  "ConEmuArgs": "",
  "ConEmuBackHWND": "0x00140862",
  "ConEmuBaseDir": "C:\\Program Files\\ConEmu\\ConEmu",
  "ConEmuBaseDirShort": "C:\\PROGRA~1\\ConEmu\\ConEmu",
  "ConEmuBuild": "221218",
  "ConEmuCfgDir": "C:\\Users\\ej608771\\AppData\\Roaming",
  "ConEmuConfig": "",
  "ConEmuDir": "C:\\Program Files\\ConEmu",
  "ConEmuDrawHWND": "0x000F0FCE",
  "ConEmuDrive": "C:",
  "ConEmuHWND": "0x00550DD6",
  "ConEmuHooks": "Enabled",
  "ConEmuPID": "19172",
  "ConEmuPalette": "<Current color scheme>",
  "ConEmuServerPID": "24072",
  "ConEmuTask": "{Powershell 7}",
  "ConEmuWorkDir": "C:\\ourstuff\\repos\\dev\\imperative",
  "ConEmuWorkDrive": "C:",
  "DriverData": "C:\\Windows\\System32\\Drivers\\DriverData",
  "EDITOR": "C:\\WINDOWS\\notepad.exe",
  "FORCE_COLOR": "0",
  "FPS_BROWSER_APP_PROFILE_STRING": "Internet Explorer",
  "FPS_BROWSER_USER_PROFILE_STRING": "Default",
  "GENE_CLASSPATH": "c:\\pkgs\\cmds\\classes;c:\\pkgs\\cmds\\classes\\log4j-1.2.14.jar",
  "GENE_DIFF": "C:\\Program Files\\KDiff3\\bin\\kdiff3.exe",
  "GENE_EDIT": "C:\\pkgs\\CudaText\\cudatext.exe",
  "HOME": "C:\\Users\\ej608771",
  "HOMEDRIVE": "C:",
  "HOMEPATH": "\\Users\\ej608771",
  "INIT_CWD": "C:\\ourstuff\\repos\\dev\\imperative",
  "IntelliJ IDEA": "C:\\Program Files\\JetBrains\\IntelliJ IDEA 2019.2\\bin;",
  "JAVA_HOME": "c:\\pkgs\\java\\jdk",
  "JEST_JUNIT_ANCESTOR_SEPARATOR": " > ",
  "JEST_JUNIT_CLASSNAME": "Integration.{classname}",
  "JEST_JUNIT_OUTPUT": "__tests__\\__results__\\integration\\junit\\junit.xml",
  "JEST_JUNIT_TITLE": "{title}",
  "JEST_STARE_RESULT_DIR": "__tests__\\__results__\\integration\\html",
  "JEST_SUIT_NAME": "Integration Tests",
  "JEST_WORKER_ID": "1",
  "LOCALAPPDATA": "C:\\Users\\ej608771\\AppData\\Local",
  "LOGONSERVER": "\\\\WPDPASHEGC02",
  "NEXTHINK": "C:\\Program Files\\Nexthink\\Collector",
  "NODE": "C:\\Program Files\\nodejs\\node.exe",
  "NODE_ENV": "test",
  "NODE_EXE": "C:\\Program Files\\nodejs\\\\node.exe",
  "NPM_CLI_JS": "C:\\Program Files\\nodejs\\node_modules\\npm\\bin\\npm-cli.js",
  "NPM_PREFIX_NPM_CLI_JS": "C:\\Program Files\\nodejs\\node_modules\\npm\\bin\\npm-cli.js",
  "NUMBER_OF_PROCESSORS": "12",
  "NVM_HOME": "C:\\pkgs\\nvm",
  "NVM_SYMLINK": "C:\\Program Files\\nodejs",
  "OS": "Windows_NT",
  "OneDrive": "C:\\Users\\ej608771\\OneDrive",
  "PATH": "C:\\ourstuff\\repos\\dev\\imperative\\.npm-global;C:\\ourstuff\\repos\\dev\\imperative\\node_modules\\.bin;C:\\ourstuff\\repos\\dev\\node_modules\\.bin;C:\\ourstuff\\repos\\node_modules\\.bin;C:\\ourstuff\\node_modules\\.bin;C:\\node_modules\\.bin;C:\\pkgs\\nvm\\v18.16.0\\node_modules\\npm\\node_modules\\@npmcli\\run-script\\lib\\node-gyp-bin;C:\\Program Files\\PowerShell\\7;C:\\Program Files\\ConEmu\\ConEmu\\Scripts;C:\\Program Files\\ConEmu;C:\\Program Files\\ConEmu\\ConEmu;C:\\Program Files (x86)\\Common Files\\Oracle\\Java\\javapath;.;C:\\pkgs\\cmds\\winScr;C:\\pkgs\\cmds\\workScr;C:\\pkgs\\cmds\\bin;C:\\ourstuff\\records\\Broadcom\\zowe\\cmds;C:\\Program Files\\PowerShell\\7;C:\\Windows\\System32\\WindowsPowerShell\\v1.0;C:\\pkgs\\java\\jdk\\bin;C:\\Program Files\\JetBrains\\IntelliJ IDEA 2019.2\\bin;C:\\Program Files\\doxygen\\bin;C:\\pkgs\\Ruby25-x64\\bin;C:\\ProgramData\\chocolatey\\bin;C:\\windows\\system32;C:\\windows;C:\\windows\\System32\\Wbem;C:\\WINDOWS\\System32\\OpenSSH;C:\\Program Files\\Intel\\WiFi\\bin;C:\\Program Files\\Common Files\\Intel\\WirelessCommon;C:\\Program Files (x86)\\Box\\Box Edit;C:\\Program Files (x86)\\Symantec\\VIP Access Client;C:\\Program Files (x86)\\NVIDIA Corporation\\PhysX\\Common;C:\\Program Files\\dotnet;C:\\pkgs\\nvm;C:\\Program Files\\nodejs;C:\\Program Files (x86)\\GitExtensions;C:\\Program Files\\Git\\cmd;C:\\Program Files\\Git\\mingw64\\bin;C:\\Program Files\\Git\\usr\\bin;C:\\Program Files\\PowerShell\\7;C:\\pkgs\\cargo\\bin;C:\\Users\\ej608771\\AppData\\Local\\Microsoft\\WindowsApps",
  "PATHEXT": ".COM;.EXE;.BAT;.CMD;.VBS;.VBE;.JS;.JSE;.WSF;.WSH;.MSC;.RB;.RBW;.CPL",
  "PKGS": "c:\\pkgs",
  "POWERSHELL_DISTRIBUTION_CHANNEL": "MSI:Windows 10 Pro",
  "PROCESSOR_ARCHITECTURE": "AMD64",
  "PROCESSOR_IDENTIFIER": "Intel64 Family 6 Model 158 Stepping 10, GenuineIntel",
  "PROCESSOR_LEVEL": "6",
  "PROCESSOR_REVISION": "9e0a",
  "PROGRAMFILES": "C:\\Program Files",
  "PROMPT": "$P$G",
  "PSModulePath": "C:\\Users\\ej608771\\Documents\\PowerShell\\Modules;C:\\Program Files\\PowerShell\\Modules;c:\\program files\\powershell\\7\\Modules;C:\\Program Files\\WindowsPowerShell\\Modules;C:\\WINDOWS\\system32\\WindowsPowerShell\\v1.0\\Modules",
  "PUBLIC": "C:\\Users\\Public",
  "PWD": "C:/ourstuff/repos/dev/imperative/__tests__/__results__/data/0af57899-d18a-4d83-be6e-66ebe59e27ad_cmd_cli_test_async_handler",
  "ProgramData": "C:\\ProgramData",
  "ProgramFiles(x86)": "C:\\Program Files (x86)",
  "ProgramW6432": "C:\\Program Files",
  "SHLVL": "1",
  "SYSTEMDRIVE": "C:",
  "SYSTEMROOT": "C:\\WINDOWS",
  "TEMP": "C:\\Users\\ej608771\\AppData\\Local\\Temp",
  "TERM": "xterm-256color",
  "TMP": "C:\\Users\\ej608771\\AppData\\Local\\Temp",
  "TS_JEST": "1",
  "USERDNSDOMAIN": "BROADCOM.NET",
  "USERDOMAIN": "BRCMLTD",
  "USERDOMAIN_ROAMINGPROFILE": "BRCMLTD",
  "USERNAME": "ej608771",
  "USERPROFILE": "C:\\Users\\ej608771",
  "VBOX_MSI_INSTALL_PATH": "C:\\Program Files\\Oracle\\VirtualBox\\",
  "WINDIR": "C:\\WINDOWS",
  "ZES_ENABLE_SYSMAN": "1",
  "__COMPAT_LAYER": "DPIUnaware",
  "__PSLockDownPolicy": "0",
  "npm_command": "run-script",
  "npm_config_cache": "C:\\Users\\ej608771\\AppData\\Local\\npm-cache",
  "npm_config_global_prefix": "C:\\Program Files\\nodejs",
  "npm_config_globalconfig": "C:\\Program Files\\nodejs\\etc\\npmrc",
  "npm_config_http://registry.npmjs.org": "",
  "npm_config_init_module": "C:\\Users\\ej608771\\.npm-init.js",
  "npm_config_install_links": "false",
  "npm_config_local_prefix": "C:\\ourstuff\\repos\\dev\\imperative",
  "npm_config_metrics_registry": "https://registry.npmjs.org/",
  "npm_config_node_gyp": "C:\\pkgs\\nvm\\v18.16.0\\node_modules\\npm\\node_modules\\node-gyp\\bin\\node-gyp.js",
  "npm_config_noproxy": "",
  "npm_config_prefix": "C:\\Program Files\\nodejs",
  "npm_config_user_agent": "npm/9.5.1 node/v18.16.0 win32 x64 workspaces/false",
  "npm_config_userconfig": "C:\\Users\\ej608771\\.npmrc",
  "npm_execpath": "C:\\pkgs\\nvm\\v18.16.0\\node_modules\\npm\\bin\\npm-cli.js",
  "npm_lifecycle_event": "test:integration",
  "npm_lifecycle_script": "env-cmd ./__tests__/config/integration/.env.js --no-override jest -c ./__tests__/config/integration/jest.config.json --runInBand",
  "npm_node_execpath": "C:\\Program Files\\nodejs\\node.exe",
  "npm_package_engines_node": ">=14.0.0",
  "npm_package_json": "C:\\ourstuff\\repos\\dev\\imperative\\package.json",
  "npm_package_name": "@zowe/imperative",
  "npm_package_version": "5.15.0",
  "ourstuff": "c:\\ourstuff",
  "zowe_set_env_test": "C:\\Users\\ej608771\\.zowe\\bin;C:\\Program Files\\PowerShell\\7;C:\\Program Files\\ConEmu\\ConEmu\\Scripts;C:\\Program Files\\ConEmu;C:\\Program Files\\ConEmu\\ConEmu;.\\;c:\\pkgs\\cmds\\winScr;c:\\pkgs\\cmds\\workScr;c:\\pkgs\\cmds\\bin;C:\\ourstuff\\records\\Broadcom\\zowe\\cmds;C:\\Program Files (x86)\\GitExtensions\\;C:\\Program Files\\Git\\cmd;C:\\Program Files\\Git\\mingw64\\bin;C:\\Program Files\\Git\\usr\\bin;C:\\Program Files\\PowerShell\\7;C:\\Windows\\System32\\WindowsPowerShell\\v1.0;C:\\Program Files (x86)\\Common Files\\Oracle\\Java\\javapath;C:\\pkgs\\java\\jdk\\bin;C:\\Program Files\\JetBrains\\IntelliJ IDEA 2019.2\\bin;C:\\Program Files\\doxygen\\bin;C:\\pkgs\\Ruby25-x64\\bin;C:\\ProgramData\\chocolatey\\bin;C:\\windows\\system32;C:\\windows;C:\\windows\\System32\\Wbem;C:\\WINDOWS\\System32\\OpenSSH\\;C:\\Program Files\\Intel\\WiFi\\bin\\;C:\\Program Files\\Common Files\\Intel\\WirelessCommon\\;C:\\Program Files (x86)\\Box\\Box Edit\\;C:\\Program Files (x86)\\Symantec\\VIP Access Client\\;C:\\Program Files (x86)\\NVIDIA Corporation\\PhysX\\Common;C:\\pkgs\\cargo\\bin;C:\\Users\\ej608771\\AppData\\Local"
}'
[2023/06/29 15:34:21.505] [ERROR] [CommandProcessor.js:1006] Handler for test-async-handler rejected by unhandled exception.
[2023/06/29 15:34:21.506] [ERROR] [CommandProcessor.js:1009] An error was thrown during command execution of "test-async-handler". Error Details: Fail with Error
[2023/06/29 15:34:21.507] [ERROR] [CommandProcessor.js:1026] Error stack: Error: Fail with Error
    at TestAsyncHandler.<anonymous> (C:\ourstuff\repos\dev\imperative\__tests__\__integration__\cmd\lib\cli\invoke\test-async-handler\TestAsyncHandler.handler.js:38:23)
    at Generator.next (<anonymous>)
    at C:\ourstuff\repos\dev\imperative\__tests__\__integration__\cmd\lib\cli\invoke\test-async-handler\TestAsyncHandler.handler.js:18:71
    at new Promise (<anonymous>)
    at __awaiter (C:\ourstuff\repos\dev\imperative\__tests__\__integration__\cmd\lib\cli\invoke\test-async-handler\TestAsyncHandler.handler.js:14:12)
    at TestAsyncHandler.process (C:\ourstuff\repos\dev\imperative\__tests__\__integration__\cmd\lib\cli\invoke\test-async-handler\TestAsyncHandler.handler.js:31:16)
    at CommandProcessor.<anonymous> (C:\ourstuff\repos\dev\imperative\lib\cmd\src\CommandProcessor.js:489:39)
    at Generator.next (<anonymous>)
    at fulfilled (C:\ourstuff\repos\dev\imperative\lib\cmd\src\CommandProcessor.js:15:58)
[2023/06/29 15:34:21.510] [ERROR] [CommandYargs.js:148] Error in command test-async-handler
[2023/06/29 15:34:21.510] [ERROR] [CommandYargs.js:149] [
  {
    success: false,
    exitCode: 1,
    message: 'Unexpected Command Error: Fail with Error',
    stdout: <Buffer >,
    stderr: <Buffer 55 6e 65 78 70 65 63 74 65 64 20 43 6f 6d 6d 61 6e 64 20 45 72 72 6f 72 3a 0a 50 6c 65 61 73 65 20 72 65 76 69 65 77 20 74 68 65 20 6d 65 73 73 61 67 ... 1157 more bytes>,
    data: {},
    error: {
      msg: 'Fail with Error',
      stack: 'Error: Fail with Error\n' +
        '    at TestAsyncHandler.<anonymous> (C:\\ourstuff\\repos\\dev\\imperative\\__tests__\\__integration__\\cmd\\lib\\cli\\invoke\\test-async-handler\\TestAsyncHandler.handler.js:38:23)\n' +
        '    at Generator.next (<anonymous>)\n' +
        '    at C:\\ourstuff\\repos\\dev\\imperative\\__tests__\\__integration__\\cmd\\lib\\cli\\invoke\\test-async-handler\\TestAsyncHandler.handler.js:18:71\n' +
        '    at new Promise (<anonymous>)\n' +
        '    at __awaiter (C:\\ourstuff\\repos\\dev\\imperative\\__tests__\\__integration__\\cmd\\lib\\cli\\invoke\\test-async-handler\\TestAsyncHandler.handler.js:14:12)\n' +
        '    at TestAsyncHandler.process (C:\\ourstuff\\repos\\dev\\imperative\\__tests__\\__integration__\\cmd\\lib\\cli\\invoke\\test-async-handler\\TestAsyncHandler.handler.js:31:16)\n' +
        '    at CommandProcessor.<anonymous> (C:\\ourstuff\\repos\\dev\\imperative\\lib\\cmd\\src\\CommandProcessor.js:489:39)\n' +
        '    at Generator.next (<anonymous>)\n' +
        '    at fulfilled (C:\\ourstuff\\repos\\dev\\imperative\\lib\\cmd\\src\\CommandProcessor.js:15:58)'
    }
  }
]
