[2023/06/29 15:26:59.861] [WARN] [Imperative.js:462] Environmental setting for imperative log level ('IMPERATIVE_TEST_CLI_IMPERATIVE_LOG_LEVEL') was blank.
[2023/06/29 15:26:59.862] [WARN] [Imperative.js:480] Environmental setting for app log level ('IMPERATIVE_TEST_CLI_APP_LOG_LEVEL') was blank.
[2023/06/29 15:26:59.922] [WARN] [main.js:21] This is a warn message after init!
[2023/06/29 15:26:59.923] [ERROR] [main.js:22] This is an error message after init!
[2023/06/29 15:26:59.923] [FATAL] [main.js:23] This is a fatal message after init!
[2023/06/29 15:27:03.765] [WARN] [Imperative.js:462] Environmental setting for imperative log level ('IMPERATIVE_TEST_CLI_IMPERATIVE_LOG_LEVEL') was blank.
[2023/06/29 15:27:03.766] [WARN] [Imperative.js:480] Environmental setting for app log level ('IMPERATIVE_TEST_CLI_APP_LOG_LEVEL') was blank.
[2023/06/29 15:27:03.828] [WARN] [main.js:21] This is a warn message after init!
[2023/06/29 15:27:03.829] [ERROR] [main.js:22] This is an error message after init!
[2023/06/29 15:27:03.829] [FATAL] [main.js:23] This is a fatal message after init!
[2023/06/29 15:27:08.156] [WARN] [Imperative.js:462] Environmental setting for imperative log level ('IMPERATIVE_TEST_CLI_IMPERATIVE_LOG_LEVEL') was blank.
[2023/06/29 15:27:08.158] [WARN] [Imperative.js:480] Environmental setting for app log level ('IMPERATIVE_TEST_CLI_APP_LOG_LEVEL') was blank.
[2023/06/29 15:27:08.215] [WARN] [main.js:21] This is a warn message after init!
[2023/06/29 15:27:08.215] [ERROR] [main.js:22] This is an error message after init!
[2023/06/29 15:27:08.216] [FATAL] [main.js:23] This is a fatal message after init!
[2023/06/29 15:27:12.464] [WARN] [Imperative.js:462] Environmental setting for imperative log level ('IMPERATIVE_TEST_CLI_IMPERATIVE_LOG_LEVEL') was blank.
[2023/06/29 15:27:12.466] [WARN] [Imperative.js:480] Environmental setting for app log level ('IMPERATIVE_TEST_CLI_APP_LOG_LEVEL') was blank.
[2023/06/29 15:27:12.520] [WARN] [main.js:21] This is a warn message after init!
[2023/06/29 15:27:12.521] [ERROR] [main.js:22] This is an error message after init!
[2023/06/29 15:27:12.521] [FATAL] [main.js:23] This is a fatal message after init!
[2023/06/29 15:27:16.303] [WARN] [Imperative.js:462] Environmental setting for imperative log level ('IMPERATIVE_TEST_CLI_IMPERATIVE_LOG_LEVEL') was blank.
[2023/06/29 15:27:16.305] [WARN] [Imperative.js:480] Environmental setting for app log level ('IMPERATIVE_TEST_CLI_APP_LOG_LEVEL') was blank.
[2023/06/29 15:27:16.364] [WARN] [main.js:21] This is a warn message after init!
[2023/06/29 15:27:16.365] [ERROR] [main.js:22] This is an error message after init!
[2023/06/29 15:27:16.365] [FATAL] [main.js:23] This is a fatal message after init!
[2023/06/29 15:27:20.133] [WARN] [Imperative.js:462] Environmental setting for imperative log level ('IMPERATIVE_TEST_CLI_IMPERATIVE_LOG_LEVEL') was blank.
[2023/06/29 15:27:20.134] [WARN] [Imperative.js:480] Environmental setting for app log level ('IMPERATIVE_TEST_CLI_APP_LOG_LEVEL') was blank.
[2023/06/29 15:27:20.192] [WARN] [main.js:21] This is a warn message after init!
[2023/06/29 15:27:20.193] [ERROR] [main.js:22] This is an error message after init!
[2023/06/29 15:27:20.193] [FATAL] [main.js:23] This is a fatal message after init!
[2023/06/29 15:27:20.263] [ERROR] [CommandProcessor.js:946] Handler for command "imperative-test-cli profiles delete v1profile myv1profile" failed.
[2023/06/29 15:27:20.265] [ERROR] [CommandProcessor.js:949] Diagnostic information:
Platform: 'win32', Architecture: 'x64', Process.argv: 'C:\Program Files\nodejs\node.exe C:\ourstuff\repos\dev\imperative\.npm-global\node_modules\imperative-test-cli\lib\main.js profiles delete v1profile myv1profile'
Node versions: '{
  "node": "18.16.0",
  "acorn": "8.8.2",
  "ada": "1.0.4",
  "ares": "1.19.0",
  "brotli": "1.0.9",
  "cldr": "42.0",
  "icu": "72.1",
  "llhttp": "6.0.10",
  "modules": "108",
  "napi": "8",
  "nghttp2": "1.52.0",
  "nghttp3": "0.7.0",
  "ngtcp2": "0.8.1",
  "openssl": "3.0.8+quic",
  "simdutf": "3.2.2",
  "tz": "2022g",
  "undici": "5.21.0",
  "unicode": "15.0",
  "uv": "1.44.2",
  "uvwasi": "0.0.15",
  "v8": "10.2.154.26-node.26",
  "zlib": "1.2.13"
}'Environmental variables: '{
  "ALLUSERSPROFILE": "C:\\ProgramData",
  "ANSICON": "174x1000 (174x58)",
  "ANSICON_DEF": "7",
  "APPDATA": "C:\\Users\\ej608771\\AppData\\Roaming",
  "CARGO_HOME": "C:\\pkgs\\cargo",
  "COLOR": "1",
  "COMMONPROGRAMFILES": "C:\\Program Files\\Common Files",
  "COMPUTERNAME": "GSNMQV2",
  "COMSPEC": "C:\\WINDOWS\\system32\\cmd.exe",
  "ChocolateyInstall": "C:\\ProgramData\\chocolatey",
  "ChocolateyLastPathUpdate": "132476746047740870",
  "CommonProgramFiles(x86)": "C:\\Program Files (x86)\\Common Files",
  "CommonProgramW6432": "C:\\Program Files\\Common Files",
  "ConEmuANSI": "ON",
  "ConEmuAnsiLog": "",
  "ConEmuArgs2": "",
  "ConEmuArgs": "",
  "ConEmuBackHWND": "0x00140862",
  "ConEmuBaseDir": "C:\\Program Files\\ConEmu\\ConEmu",
  "ConEmuBaseDirShort": "C:\\PROGRA~1\\ConEmu\\ConEmu",
  "ConEmuBuild": "221218",
  "ConEmuCfgDir": "C:\\Users\\ej608771\\AppData\\Roaming",
  "ConEmuConfig": "",
  "ConEmuDir": "C:\\Program Files\\ConEmu",
  "ConEmuDrawHWND": "0x000F0FCE",
  "ConEmuDrive": "C:",
  "ConEmuHWND": "0x00550DD6",
  "ConEmuHooks": "Enabled",
  "ConEmuPID": "19172",
  "ConEmuPalette": "<Current color scheme>",
  "ConEmuServerPID": "24072",
  "ConEmuTask": "{Powershell 7}",
  "ConEmuWorkDir": "C:\\ourstuff\\repos\\dev\\imperative",
  "ConEmuWorkDrive": "C:",
  "DriverData": "C:\\Windows\\System32\\Drivers\\DriverData",
  "EDITOR": "C:\\WINDOWS\\notepad.exe",
  "FORCE_COLOR": "0",
  "FPS_BROWSER_APP_PROFILE_STRING": "Internet Explorer",
  "FPS_BROWSER_USER_PROFILE_STRING": "Default",
  "GENE_CLASSPATH": "c:\\pkgs\\cmds\\classes;c:\\pkgs\\cmds\\classes\\log4j-1.2.14.jar",
  "GENE_DIFF": "C:\\Program Files\\KDiff3\\bin\\kdiff3.exe",
  "GENE_EDIT": "C:\\pkgs\\CudaText\\cudatext.exe",
  "HOME": "C:\\Users\\ej608771",
  "HOMEDRIVE": "C:",
  "HOMEPATH": "\\Users\\ej608771",
  "IMPERATIVE_TEST_CLI_CLI_HOME": "C:\\ourstuff\\repos\\dev\\imperative\\__tests__\\__results__\\data\\bb097a7f-28df-479a-b26e-bca8839b2c49_imperative_test_cli_test_config_convert_profiles_command",
  "INIT_CWD": "C:\\ourstuff\\repos\\dev\\imperative",
  "IntelliJ IDEA": "C:\\Program Files\\JetBrains\\IntelliJ IDEA 2019.2\\bin;",
  "JAVA_HOME": "c:\\pkgs\\java\\jdk",
  "JEST_JUNIT_ANCESTOR_SEPARATOR": " > ",
  "JEST_JUNIT_CLASSNAME": "Integration.{classname}",
  "JEST_JUNIT_OUTPUT": "__tests__\\__results__\\integration\\junit\\junit.xml",
  "JEST_JUNIT_TITLE": "{title}",
  "JEST_STARE_RESULT_DIR": "__tests__\\__results__\\integration\\html",
  "JEST_SUIT_NAME": "Integration Tests",
  "JEST_WORKER_ID": "1",
  "LOCALAPPDATA": "C:\\Users\\ej608771\\AppData\\Local",
  "LOGONSERVER": "\\\\WPDPASHEGC02",
  "NEXTHINK": "C:\\Program Files\\Nexthink\\Collector",
  "NODE": "C:\\Program Files\\nodejs\\node.exe",
  "NODE_ENV": "test",
  "NODE_EXE": "C:\\Program Files\\nodejs\\\\node.exe",
  "NPM_CLI_JS": "C:\\Program Files\\nodejs\\node_modules\\npm\\bin\\npm-cli.js",
  "NPM_PREFIX_NPM_CLI_JS": "C:\\Program Files\\nodejs\\node_modules\\npm\\bin\\npm-cli.js",
  "NUMBER_OF_PROCESSORS": "12",
  "NVM_HOME": "C:\\pkgs\\nvm",
  "NVM_SYMLINK": "C:\\Program Files\\nodejs",
  "OS": "Windows_NT",
  "OneDrive": "C:\\Users\\ej608771\\OneDrive",
  "PATH": "C:\\ourstuff\\repos\\dev\\imperative\\.npm-global;C:\\ourstuff\\repos\\dev\\imperative\\node_modules\\.bin;C:\\ourstuff\\repos\\dev\\node_modules\\.bin;C:\\ourstuff\\repos\\node_modules\\.bin;C:\\ourstuff\\node_modules\\.bin;C:\\node_modules\\.bin;C:\\pkgs\\nvm\\v18.16.0\\node_modules\\npm\\node_modules\\@npmcli\\run-script\\lib\\node-gyp-bin;C:\\Program Files\\PowerShell\\7;C:\\Program Files\\ConEmu\\ConEmu\\Scripts;C:\\Program Files\\ConEmu;C:\\Program Files\\ConEmu\\ConEmu;C:\\Program Files (x86)\\Common Files\\Oracle\\Java\\javapath;.;C:\\pkgs\\cmds\\winScr;C:\\pkgs\\cmds\\workScr;C:\\pkgs\\cmds\\bin;C:\\ourstuff\\records\\Broadcom\\zowe\\cmds;C:\\Program Files\\PowerShell\\7;C:\\Windows\\System32\\WindowsPowerShell\\v1.0;C:\\pkgs\\java\\jdk\\bin;C:\\Program Files\\JetBrains\\IntelliJ IDEA 2019.2\\bin;C:\\Program Files\\doxygen\\bin;C:\\pkgs\\Ruby25-x64\\bin;C:\\ProgramData\\chocolatey\\bin;C:\\windows\\system32;C:\\windows;C:\\windows\\System32\\Wbem;C:\\WINDOWS\\System32\\OpenSSH;C:\\Program Files\\Intel\\WiFi\\bin;C:\\Program Files\\Common Files\\Intel\\WirelessCommon;C:\\Program Files (x86)\\Box\\Box Edit;C:\\Program Files (x86)\\Symantec\\VIP Access Client;C:\\Program Files (x86)\\NVIDIA Corporation\\PhysX\\Common;C:\\Program Files\\dotnet;C:\\pkgs\\nvm;C:\\Program Files\\nodejs;C:\\Program Files (x86)\\GitExtensions;C:\\Program Files\\Git\\cmd;C:\\Program Files\\Git\\mingw64\\bin;C:\\Program Files\\Git\\usr\\bin;C:\\Program Files\\PowerShell\\7;C:\\pkgs\\cargo\\bin;C:\\Users\\ej608771\\AppData\\Local\\Microsoft\\WindowsApps",
  "PATHEXT": ".COM;.EXE;.BAT;.CMD;.VBS;.VBE;.JS;.JSE;.WSF;.WSH;.MSC;.RB;.RBW;.CPL",
  "PKGS": "c:\\pkgs",
  "POWERSHELL_DISTRIBUTION_CHANNEL": "MSI:Windows 10 Pro",
  "PROCESSOR_ARCHITECTURE": "AMD64",
  "PROCESSOR_IDENTIFIER": "Intel64 Family 6 Model 158 Stepping 10, GenuineIntel",
  "PROCESSOR_LEVEL": "6",
  "PROCESSOR_REVISION": "9e0a",
  "PROGRAMFILES": "C:\\Program Files",
  "PROMPT": "$P$G",
  "PSModulePath": "C:\\Users\\ej608771\\Documents\\PowerShell\\Modules;C:\\Program Files\\PowerShell\\Modules;c:\\program files\\powershell\\7\\Modules;C:\\Program Files\\WindowsPowerShell\\Modules;C:\\WINDOWS\\system32\\WindowsPowerShell\\v1.0\\Modules",
  "PUBLIC": "C:\\Users\\Public",
  "PWD": "C:/ourstuff/repos/dev/imperative/__tests__/__results__/data/bb097a7f-28df-479a-b26e-bca8839b2c49_imperative_test_cli_test_config_convert_profiles_command",
  "ProgramData": "C:\\ProgramData",
  "ProgramFiles(x86)": "C:\\Program Files (x86)",
  "ProgramW6432": "C:\\Program Files",
  "SHLVL": "1",
  "SYSTEMDRIVE": "C:",
  "SYSTEMROOT": "C:\\WINDOWS",
  "TEMP": "C:\\Users\\ej608771\\AppData\\Local\\Temp",
  "TERM": "xterm-256color",
  "TMP": "C:\\Users\\ej608771\\AppData\\Local\\Temp",
  "TS_JEST": "1",
  "USERDNSDOMAIN": "BROADCOM.NET",
  "USERDOMAIN": "BRCMLTD",
  "USERDOMAIN_ROAMINGPROFILE": "BRCMLTD",
  "USERNAME": "ej608771",
  "USERPROFILE": "C:\\Users\\ej608771",
  "VBOX_MSI_INSTALL_PATH": "C:\\Program Files\\Oracle\\VirtualBox\\",
  "WINDIR": "C:\\WINDOWS",
  "ZES_ENABLE_SYSMAN": "1",
  "__COMPAT_LAYER": "DPIUnaware",
  "__PSLockDownPolicy": "0",
  "npm_command": "run-script",
  "npm_config_cache": "C:\\Users\\ej608771\\AppData\\Local\\npm-cache",
  "npm_config_global_prefix": "C:\\Program Files\\nodejs",
  "npm_config_globalconfig": "C:\\Program Files\\nodejs\\etc\\npmrc",
  "npm_config_http://registry.npmjs.org": "",
  "npm_config_init_module": "C:\\Users\\ej608771\\.npm-init.js",
  "npm_config_install_links": "false",
  "npm_config_local_prefix": "C:\\ourstuff\\repos\\dev\\imperative",
  "npm_config_metrics_registry": "https://registry.npmjs.org/",
  "npm_config_node_gyp": "C:\\pkgs\\nvm\\v18.16.0\\node_modules\\npm\\node_modules\\node-gyp\\bin\\node-gyp.js",
  "npm_config_noproxy": "",
  "npm_config_prefix": "C:\\Program Files\\nodejs",
  "npm_config_user_agent": "npm/9.5.1 node/v18.16.0 win32 x64 workspaces/false",
  "npm_config_userconfig": "C:\\Users\\ej608771\\.npmrc",
  "npm_execpath": "C:\\pkgs\\nvm\\v18.16.0\\node_modules\\npm\\bin\\npm-cli.js",
  "npm_lifecycle_event": "test:integration",
  "npm_lifecycle_script": "env-cmd ./__tests__/config/integration/.env.js --no-override jest -c ./__tests__/config/integration/jest.config.json --runInBand",
  "npm_node_execpath": "C:\\Program Files\\nodejs\\node.exe",
  "npm_package_engines_node": ">=14.0.0",
  "npm_package_json": "C:\\ourstuff\\repos\\dev\\imperative\\package.json",
  "npm_package_name": "@zowe/imperative",
  "npm_package_version": "5.15.0",
  "ourstuff": "c:\\ourstuff",
  "zowe_set_env_test": "C:\\Users\\ej608771\\.zowe\\bin;C:\\Program Files\\PowerShell\\7;C:\\Program Files\\ConEmu\\ConEmu\\Scripts;C:\\Program Files\\ConEmu;C:\\Program Files\\ConEmu\\ConEmu;.\\;c:\\pkgs\\cmds\\winScr;c:\\pkgs\\cmds\\workScr;c:\\pkgs\\cmds\\bin;C:\\ourstuff\\records\\Broadcom\\zowe\\cmds;C:\\Program Files (x86)\\GitExtensions\\;C:\\Program Files\\Git\\cmd;C:\\Program Files\\Git\\mingw64\\bin;C:\\Program Files\\Git\\usr\\bin;C:\\Program Files\\PowerShell\\7;C:\\Windows\\System32\\WindowsPowerShell\\v1.0;C:\\Program Files (x86)\\Common Files\\Oracle\\Java\\javapath;C:\\pkgs\\java\\jdk\\bin;C:\\Program Files\\JetBrains\\IntelliJ IDEA 2019.2\\bin;C:\\Program Files\\doxygen\\bin;C:\\pkgs\\Ruby25-x64\\bin;C:\\ProgramData\\chocolatey\\bin;C:\\windows\\system32;C:\\windows;C:\\windows\\System32\\Wbem;C:\\WINDOWS\\System32\\OpenSSH\\;C:\\Program Files\\Intel\\WiFi\\bin\\;C:\\Program Files\\Common Files\\Intel\\WirelessCommon\\;C:\\Program Files (x86)\\Box\\Box Edit\\;C:\\Program Files (x86)\\Symantec\\VIP Access Client\\;C:\\Program Files (x86)\\NVIDIA Corporation\\PhysX\\Common;C:\\pkgs\\cargo\\bin;C:\\Users\\ej608771\\AppData\\Local"
}'
[2023/06/29 15:27:20.265] [ERROR] [CommandProcessor.js:957] Handler for imperative-test-cli profiles delete v1profile myv1profile rejected by thrown ImperativeError.
[2023/06/29 15:27:24.495] [WARN] [Imperative.js:462] Environmental setting for imperative log level ('IMPERATIVE_TEST_CLI_IMPERATIVE_LOG_LEVEL') was blank.
[2023/06/29 15:27:24.496] [WARN] [Imperative.js:480] Environmental setting for app log level ('IMPERATIVE_TEST_CLI_APP_LOG_LEVEL') was blank.
[2023/06/29 15:27:24.548] [WARN] [main.js:21] This is a warn message after init!
[2023/06/29 15:27:24.549] [ERROR] [main.js:22] This is an error message after init!
[2023/06/29 15:27:24.549] [FATAL] [main.js:23] This is a fatal message after init!
[2023/06/29 15:27:28.453] [WARN] [Imperative.js:462] Environmental setting for imperative log level ('IMPERATIVE_TEST_CLI_IMPERATIVE_LOG_LEVEL') was blank.
[2023/06/29 15:27:28.455] [WARN] [Imperative.js:480] Environmental setting for app log level ('IMPERATIVE_TEST_CLI_APP_LOG_LEVEL') was blank.
[2023/06/29 15:27:28.533] [WARN] [main.js:21] This is a warn message after init!
[2023/06/29 15:27:28.534] [ERROR] [main.js:22] This is an error message after init!
[2023/06/29 15:27:28.534] [FATAL] [main.js:23] This is a fatal message after init!
[2023/06/29 15:27:33.214] [WARN] [Imperative.js:462] Environmental setting for imperative log level ('IMPERATIVE_TEST_CLI_IMPERATIVE_LOG_LEVEL') was blank.
[2023/06/29 15:27:33.215] [WARN] [Imperative.js:480] Environmental setting for app log level ('IMPERATIVE_TEST_CLI_APP_LOG_LEVEL') was blank.
[2023/06/29 15:27:33.261] [WARN] [main.js:21] This is a warn message after init!
[2023/06/29 15:27:33.262] [ERROR] [main.js:22] This is an error message after init!
[2023/06/29 15:27:33.262] [FATAL] [main.js:23] This is a fatal message after init!
[2023/06/29 15:27:38.041] [WARN] [Imperative.js:462] Environmental setting for imperative log level ('IMPERATIVE_TEST_CLI_IMPERATIVE_LOG_LEVEL') was blank.
[2023/06/29 15:27:38.042] [WARN] [Imperative.js:480] Environmental setting for app log level ('IMPERATIVE_TEST_CLI_APP_LOG_LEVEL') was blank.
[2023/06/29 15:27:38.095] [WARN] [main.js:21] This is a warn message after init!
[2023/06/29 15:27:38.096] [ERROR] [main.js:22] This is an error message after init!
[2023/06/29 15:27:38.097] [FATAL] [main.js:23] This is a fatal message after init!
[2023/06/29 15:27:41.806] [WARN] [Imperative.js:462] Environmental setting for imperative log level ('IMPERATIVE_TEST_CLI_IMPERATIVE_LOG_LEVEL') was blank.
[2023/06/29 15:27:41.807] [WARN] [Imperative.js:480] Environmental setting for app log level ('IMPERATIVE_TEST_CLI_APP_LOG_LEVEL') was blank.
[2023/06/29 15:27:41.864] [WARN] [main.js:21] This is a warn message after init!
[2023/06/29 15:27:41.865] [ERROR] [main.js:22] This is an error message after init!
[2023/06/29 15:27:41.866] [FATAL] [main.js:23] This is a fatal message after init!
[2023/06/29 15:27:45.698] [WARN] [Imperative.js:462] Environmental setting for imperative log level ('IMPERATIVE_TEST_CLI_IMPERATIVE_LOG_LEVEL') was blank.
[2023/06/29 15:27:45.699] [WARN] [Imperative.js:480] Environmental setting for app log level ('IMPERATIVE_TEST_CLI_APP_LOG_LEVEL') was blank.
[2023/06/29 15:27:45.755] [WARN] [main.js:21] This is a warn message after init!
[2023/06/29 15:27:45.756] [ERROR] [main.js:22] This is an error message after init!
[2023/06/29 15:27:45.757] [FATAL] [main.js:23] This is a fatal message after init!
[2023/06/29 15:27:45.843] [ERROR] [CommandProcessor.js:946] Handler for command "imperative-test-cli profiles delete v1profile myv1profile" failed.
[2023/06/29 15:27:45.845] [ERROR] [CommandProcessor.js:949] Diagnostic information:
Platform: 'win32', Architecture: 'x64', Process.argv: 'C:\Program Files\nodejs\node.exe C:\ourstuff\repos\dev\imperative\.npm-global\node_modules\imperative-test-cli\lib\main.js profiles delete v1profile myv1profile'
Node versions: '{
  "node": "18.16.0",
  "acorn": "8.8.2",
  "ada": "1.0.4",
  "ares": "1.19.0",
  "brotli": "1.0.9",
  "cldr": "42.0",
  "icu": "72.1",
  "llhttp": "6.0.10",
  "modules": "108",
  "napi": "8",
  "nghttp2": "1.52.0",
  "nghttp3": "0.7.0",
  "ngtcp2": "0.8.1",
  "openssl": "3.0.8+quic",
  "simdutf": "3.2.2",
  "tz": "2022g",
  "undici": "5.21.0",
  "unicode": "15.0",
  "uv": "1.44.2",
  "uvwasi": "0.0.15",
  "v8": "10.2.154.26-node.26",
  "zlib": "1.2.13"
}'Environmental variables: '{
  "ALLUSERSPROFILE": "C:\\ProgramData",
  "ANSICON": "174x1000 (174x58)",
  "ANSICON_DEF": "7",
  "APPDATA": "C:\\Users\\ej608771\\AppData\\Roaming",
  "CARGO_HOME": "C:\\pkgs\\cargo",
  "COLOR": "1",
  "COMMONPROGRAMFILES": "C:\\Program Files\\Common Files",
  "COMPUTERNAME": "GSNMQV2",
  "COMSPEC": "C:\\WINDOWS\\system32\\cmd.exe",
  "ChocolateyInstall": "C:\\ProgramData\\chocolatey",
  "ChocolateyLastPathUpdate": "132476746047740870",
  "CommonProgramFiles(x86)": "C:\\Program Files (x86)\\Common Files",
  "CommonProgramW6432": "C:\\Program Files\\Common Files",
  "ConEmuANSI": "ON",
  "ConEmuAnsiLog": "",
  "ConEmuArgs2": "",
  "ConEmuArgs": "",
  "ConEmuBackHWND": "0x00140862",
  "ConEmuBaseDir": "C:\\Program Files\\ConEmu\\ConEmu",
  "ConEmuBaseDirShort": "C:\\PROGRA~1\\ConEmu\\ConEmu",
  "ConEmuBuild": "221218",
  "ConEmuCfgDir": "C:\\Users\\ej608771\\AppData\\Roaming",
  "ConEmuConfig": "",
  "ConEmuDir": "C:\\Program Files\\ConEmu",
  "ConEmuDrawHWND": "0x000F0FCE",
  "ConEmuDrive": "C:",
  "ConEmuHWND": "0x00550DD6",
  "ConEmuHooks": "Enabled",
  "ConEmuPID": "19172",
  "ConEmuPalette": "<Current color scheme>",
  "ConEmuServerPID": "24072",
  "ConEmuTask": "{Powershell 7}",
  "ConEmuWorkDir": "C:\\ourstuff\\repos\\dev\\imperative",
  "ConEmuWorkDrive": "C:",
  "DriverData": "C:\\Windows\\System32\\Drivers\\DriverData",
  "EDITOR": "C:\\WINDOWS\\notepad.exe",
  "FORCE_COLOR": "0",
  "FPS_BROWSER_APP_PROFILE_STRING": "Internet Explorer",
  "FPS_BROWSER_USER_PROFILE_STRING": "Default",
  "GENE_CLASSPATH": "c:\\pkgs\\cmds\\classes;c:\\pkgs\\cmds\\classes\\log4j-1.2.14.jar",
  "GENE_DIFF": "C:\\Program Files\\KDiff3\\bin\\kdiff3.exe",
  "GENE_EDIT": "C:\\pkgs\\CudaText\\cudatext.exe",
  "HOME": "C:\\Users\\ej608771",
  "HOMEDRIVE": "C:",
  "HOMEPATH": "\\Users\\ej608771",
  "IMPERATIVE_TEST_CLI_CLI_HOME": "C:\\ourstuff\\repos\\dev\\imperative\\__tests__\\__results__\\data\\bb097a7f-28df-479a-b26e-bca8839b2c49_imperative_test_cli_test_config_convert_profiles_command",
  "INIT_CWD": "C:\\ourstuff\\repos\\dev\\imperative",
  "IntelliJ IDEA": "C:\\Program Files\\JetBrains\\IntelliJ IDEA 2019.2\\bin;",
  "JAVA_HOME": "c:\\pkgs\\java\\jdk",
  "JEST_JUNIT_ANCESTOR_SEPARATOR": " > ",
  "JEST_JUNIT_CLASSNAME": "Integration.{classname}",
  "JEST_JUNIT_OUTPUT": "__tests__\\__results__\\integration\\junit\\junit.xml",
  "JEST_JUNIT_TITLE": "{title}",
  "JEST_STARE_RESULT_DIR": "__tests__\\__results__\\integration\\html",
  "JEST_SUIT_NAME": "Integration Tests",
  "JEST_WORKER_ID": "1",
  "LOCALAPPDATA": "C:\\Users\\ej608771\\AppData\\Local",
  "LOGONSERVER": "\\\\WPDPASHEGC02",
  "NEXTHINK": "C:\\Program Files\\Nexthink\\Collector",
  "NODE": "C:\\Program Files\\nodejs\\node.exe",
  "NODE_ENV": "test",
  "NODE_EXE": "C:\\Program Files\\nodejs\\\\node.exe",
  "NPM_CLI_JS": "C:\\Program Files\\nodejs\\node_modules\\npm\\bin\\npm-cli.js",
  "NPM_PREFIX_NPM_CLI_JS": "C:\\Program Files\\nodejs\\node_modules\\npm\\bin\\npm-cli.js",
  "NUMBER_OF_PROCESSORS": "12",
  "NVM_HOME": "C:\\pkgs\\nvm",
  "NVM_SYMLINK": "C:\\Program Files\\nodejs",
  "OS": "Windows_NT",
  "OneDrive": "C:\\Users\\ej608771\\OneDrive",
  "PATH": "C:\\ourstuff\\repos\\dev\\imperative\\.npm-global;C:\\ourstuff\\repos\\dev\\imperative\\node_modules\\.bin;C:\\ourstuff\\repos\\dev\\node_modules\\.bin;C:\\ourstuff\\repos\\node_modules\\.bin;C:\\ourstuff\\node_modules\\.bin;C:\\node_modules\\.bin;C:\\pkgs\\nvm\\v18.16.0\\node_modules\\npm\\node_modules\\@npmcli\\run-script\\lib\\node-gyp-bin;C:\\Program Files\\PowerShell\\7;C:\\Program Files\\ConEmu\\ConEmu\\Scripts;C:\\Program Files\\ConEmu;C:\\Program Files\\ConEmu\\ConEmu;C:\\Program Files (x86)\\Common Files\\Oracle\\Java\\javapath;.;C:\\pkgs\\cmds\\winScr;C:\\pkgs\\cmds\\workScr;C:\\pkgs\\cmds\\bin;C:\\ourstuff\\records\\Broadcom\\zowe\\cmds;C:\\Program Files\\PowerShell\\7;C:\\Windows\\System32\\WindowsPowerShell\\v1.0;C:\\pkgs\\java\\jdk\\bin;C:\\Program Files\\JetBrains\\IntelliJ IDEA 2019.2\\bin;C:\\Program Files\\doxygen\\bin;C:\\pkgs\\Ruby25-x64\\bin;C:\\ProgramData\\chocolatey\\bin;C:\\windows\\system32;C:\\windows;C:\\windows\\System32\\Wbem;C:\\WINDOWS\\System32\\OpenSSH;C:\\Program Files\\Intel\\WiFi\\bin;C:\\Program Files\\Common Files\\Intel\\WirelessCommon;C:\\Program Files (x86)\\Box\\Box Edit;C:\\Program Files (x86)\\Symantec\\VIP Access Client;C:\\Program Files (x86)\\NVIDIA Corporation\\PhysX\\Common;C:\\Program Files\\dotnet;C:\\pkgs\\nvm;C:\\Program Files\\nodejs;C:\\Program Files (x86)\\GitExtensions;C:\\Program Files\\Git\\cmd;C:\\Program Files\\Git\\mingw64\\bin;C:\\Program Files\\Git\\usr\\bin;C:\\Program Files\\PowerShell\\7;C:\\pkgs\\cargo\\bin;C:\\Users\\ej608771\\AppData\\Local\\Microsoft\\WindowsApps",
  "PATHEXT": ".COM;.EXE;.BAT;.CMD;.VBS;.VBE;.JS;.JSE;.WSF;.WSH;.MSC;.RB;.RBW;.CPL",
  "PKGS": "c:\\pkgs",
  "POWERSHELL_DISTRIBUTION_CHANNEL": "MSI:Windows 10 Pro",
  "PROCESSOR_ARCHITECTURE": "AMD64",
  "PROCESSOR_IDENTIFIER": "Intel64 Family 6 Model 158 Stepping 10, GenuineIntel",
  "PROCESSOR_LEVEL": "6",
  "PROCESSOR_REVISION": "9e0a",
  "PROGRAMFILES": "C:\\Program Files",
  "PROMPT": "$P$G",
  "PSModulePath": "C:\\Users\\ej608771\\Documents\\PowerShell\\Modules;C:\\Program Files\\PowerShell\\Modules;c:\\program files\\powershell\\7\\Modules;C:\\Program Files\\WindowsPowerShell\\Modules;C:\\WINDOWS\\system32\\WindowsPowerShell\\v1.0\\Modules",
  "PUBLIC": "C:\\Users\\Public",
  "PWD": "C:/ourstuff/repos/dev/imperative/__tests__/__results__/data/bb097a7f-28df-479a-b26e-bca8839b2c49_imperative_test_cli_test_config_convert_profiles_command",
  "ProgramData": "C:\\ProgramData",
  "ProgramFiles(x86)": "C:\\Program Files (x86)",
  "ProgramW6432": "C:\\Program Files",
  "SHLVL": "1",
  "SYSTEMDRIVE": "C:",
  "SYSTEMROOT": "C:\\WINDOWS",
  "TEMP": "C:\\Users\\ej608771\\AppData\\Local\\Temp",
  "TERM": "xterm-256color",
  "TMP": "C:\\Users\\ej608771\\AppData\\Local\\Temp",
  "TS_JEST": "1",
  "USERDNSDOMAIN": "BROADCOM.NET",
  "USERDOMAIN": "BRCMLTD",
  "USERDOMAIN_ROAMINGPROFILE": "BRCMLTD",
  "USERNAME": "ej608771",
  "USERPROFILE": "C:\\Users\\ej608771",
  "VBOX_MSI_INSTALL_PATH": "C:\\Program Files\\Oracle\\VirtualBox\\",
  "WINDIR": "C:\\WINDOWS",
  "ZES_ENABLE_SYSMAN": "1",
  "__COMPAT_LAYER": "DPIUnaware",
  "__PSLockDownPolicy": "0",
  "npm_command": "run-script",
  "npm_config_cache": "C:\\Users\\ej608771\\AppData\\Local\\npm-cache",
  "npm_config_global_prefix": "C:\\Program Files\\nodejs",
  "npm_config_globalconfig": "C:\\Program Files\\nodejs\\etc\\npmrc",
  "npm_config_http://registry.npmjs.org": "",
  "npm_config_init_module": "C:\\Users\\ej608771\\.npm-init.js",
  "npm_config_install_links": "false",
  "npm_config_local_prefix": "C:\\ourstuff\\repos\\dev\\imperative",
  "npm_config_metrics_registry": "https://registry.npmjs.org/",
  "npm_config_node_gyp": "C:\\pkgs\\nvm\\v18.16.0\\node_modules\\npm\\node_modules\\node-gyp\\bin\\node-gyp.js",
  "npm_config_noproxy": "",
  "npm_config_prefix": "C:\\Program Files\\nodejs",
  "npm_config_user_agent": "npm/9.5.1 node/v18.16.0 win32 x64 workspaces/false",
  "npm_config_userconfig": "C:\\Users\\ej608771\\.npmrc",
  "npm_execpath": "C:\\pkgs\\nvm\\v18.16.0\\node_modules\\npm\\bin\\npm-cli.js",
  "npm_lifecycle_event": "test:integration",
  "npm_lifecycle_script": "env-cmd ./__tests__/config/integration/.env.js --no-override jest -c ./__tests__/config/integration/jest.config.json --runInBand",
  "npm_node_execpath": "C:\\Program Files\\nodejs\\node.exe",
  "npm_package_engines_node": ">=14.0.0",
  "npm_package_json": "C:\\ourstuff\\repos\\dev\\imperative\\package.json",
  "npm_package_name": "@zowe/imperative",
  "npm_package_version": "5.15.0",
  "ourstuff": "c:\\ourstuff",
  "zowe_set_env_test": "C:\\Users\\ej608771\\.zowe\\bin;C:\\Program Files\\PowerShell\\7;C:\\Program Files\\ConEmu\\ConEmu\\Scripts;C:\\Program Files\\ConEmu;C:\\Program Files\\ConEmu\\ConEmu;.\\;c:\\pkgs\\cmds\\winScr;c:\\pkgs\\cmds\\workScr;c:\\pkgs\\cmds\\bin;C:\\ourstuff\\records\\Broadcom\\zowe\\cmds;C:\\Program Files (x86)\\GitExtensions\\;C:\\Program Files\\Git\\cmd;C:\\Program Files\\Git\\mingw64\\bin;C:\\Program Files\\Git\\usr\\bin;C:\\Program Files\\PowerShell\\7;C:\\Windows\\System32\\WindowsPowerShell\\v1.0;C:\\Program Files (x86)\\Common Files\\Oracle\\Java\\javapath;C:\\pkgs\\java\\jdk\\bin;C:\\Program Files\\JetBrains\\IntelliJ IDEA 2019.2\\bin;C:\\Program Files\\doxygen\\bin;C:\\pkgs\\Ruby25-x64\\bin;C:\\ProgramData\\chocolatey\\bin;C:\\windows\\system32;C:\\windows;C:\\windows\\System32\\Wbem;C:\\WINDOWS\\System32\\OpenSSH\\;C:\\Program Files\\Intel\\WiFi\\bin\\;C:\\Program Files\\Common Files\\Intel\\WirelessCommon\\;C:\\Program Files (x86)\\Box\\Box Edit\\;C:\\Program Files (x86)\\Symantec\\VIP Access Client\\;C:\\Program Files (x86)\\NVIDIA Corporation\\PhysX\\Common;C:\\pkgs\\cargo\\bin;C:\\Users\\ej608771\\AppData\\Local"
}'
[2023/06/29 15:27:45.846] [ERROR] [CommandProcessor.js:957] Handler for imperative-test-cli profiles delete v1profile myv1profile rejected by thrown ImperativeError.
[2023/06/29 15:27:50.006] [WARN] [Imperative.js:462] Environmental setting for imperative log level ('IMPERATIVE_TEST_CLI_IMPERATIVE_LOG_LEVEL') was blank.
[2023/06/29 15:27:50.008] [WARN] [Imperative.js:480] Environmental setting for app log level ('IMPERATIVE_TEST_CLI_APP_LOG_LEVEL') was blank.
[2023/06/29 15:27:50.070] [WARN] [main.js:21] This is a warn message after init!
[2023/06/29 15:27:50.071] [ERROR] [main.js:22] This is an error message after init!
[2023/06/29 15:27:50.071] [FATAL] [main.js:23] This is a fatal message after init!
[2023/06/29 15:27:53.842] [WARN] [Imperative.js:462] Environmental setting for imperative log level ('IMPERATIVE_TEST_CLI_IMPERATIVE_LOG_LEVEL') was blank.
[2023/06/29 15:27:53.844] [WARN] [Imperative.js:480] Environmental setting for app log level ('IMPERATIVE_TEST_CLI_APP_LOG_LEVEL') was blank.
[2023/06/29 15:27:53.908] [WARN] [main.js:21] This is a warn message after init!
[2023/06/29 15:27:53.909] [ERROR] [main.js:22] This is an error message after init!
[2023/06/29 15:27:53.909] [FATAL] [main.js:23] This is a fatal message after init!
[2023/06/29 15:27:58.040] [WARN] [Imperative.js:462] Environmental setting for imperative log level ('IMPERATIVE_TEST_CLI_IMPERATIVE_LOG_LEVEL') was blank.
[2023/06/29 15:27:58.041] [WARN] [Imperative.js:480] Environmental setting for app log level ('IMPERATIVE_TEST_CLI_APP_LOG_LEVEL') was blank.
[2023/06/29 15:27:58.096] [WARN] [main.js:21] This is a warn message after init!
[2023/06/29 15:27:58.097] [ERROR] [main.js:22] This is an error message after init!
[2023/06/29 15:27:58.097] [FATAL] [main.js:23] This is a fatal message after init!
[2023/06/29 15:28:01.871] [WARN] [Imperative.js:462] Environmental setting for imperative log level ('IMPERATIVE_TEST_CLI_IMPERATIVE_LOG_LEVEL') was blank.
[2023/06/29 15:28:01.872] [WARN] [Imperative.js:480] Environmental setting for app log level ('IMPERATIVE_TEST_CLI_APP_LOG_LEVEL') was blank.
[2023/06/29 15:28:01.926] [WARN] [main.js:21] This is a warn message after init!
[2023/06/29 15:28:01.926] [ERROR] [main.js:22] This is an error message after init!
[2023/06/29 15:28:01.927] [FATAL] [main.js:23] This is a fatal message after init!
[2023/06/29 15:28:05.656] [WARN] [Imperative.js:462] Environmental setting for imperative log level ('IMPERATIVE_TEST_CLI_IMPERATIVE_LOG_LEVEL') was blank.
[2023/06/29 15:28:05.657] [WARN] [Imperative.js:480] Environmental setting for app log level ('IMPERATIVE_TEST_CLI_APP_LOG_LEVEL') was blank.
[2023/06/29 15:28:05.717] [WARN] [main.js:21] This is a warn message after init!
[2023/06/29 15:28:05.718] [ERROR] [main.js:22] This is an error message after init!
[2023/06/29 15:28:05.718] [FATAL] [main.js:23] This is a fatal message after init!
[2023/06/29 15:28:05.791] [ERROR] [CommandProcessor.js:946] Handler for command "imperative-test-cli profiles delete v1profile myv1profile" failed.
[2023/06/29 15:28:05.792] [ERROR] [CommandProcessor.js:949] Diagnostic information:
Platform: 'win32', Architecture: 'x64', Process.argv: 'C:\Program Files\nodejs\node.exe C:\ourstuff\repos\dev\imperative\.npm-global\node_modules\imperative-test-cli\lib\main.js profiles delete v1profile myv1profile'
Node versions: '{
  "node": "18.16.0",
  "acorn": "8.8.2",
  "ada": "1.0.4",
  "ares": "1.19.0",
  "brotli": "1.0.9",
  "cldr": "42.0",
  "icu": "72.1",
  "llhttp": "6.0.10",
  "modules": "108",
  "napi": "8",
  "nghttp2": "1.52.0",
  "nghttp3": "0.7.0",
  "ngtcp2": "0.8.1",
  "openssl": "3.0.8+quic",
  "simdutf": "3.2.2",
  "tz": "2022g",
  "undici": "5.21.0",
  "unicode": "15.0",
  "uv": "1.44.2",
  "uvwasi": "0.0.15",
  "v8": "10.2.154.26-node.26",
  "zlib": "1.2.13"
}'Environmental variables: '{
  "ALLUSERSPROFILE": "C:\\ProgramData",
  "ANSICON": "174x1000 (174x58)",
  "ANSICON_DEF": "7",
  "APPDATA": "C:\\Users\\ej608771\\AppData\\Roaming",
  "CARGO_HOME": "C:\\pkgs\\cargo",
  "COLOR": "1",
  "COMMONPROGRAMFILES": "C:\\Program Files\\Common Files",
  "COMPUTERNAME": "GSNMQV2",
  "COMSPEC": "C:\\WINDOWS\\system32\\cmd.exe",
  "ChocolateyInstall": "C:\\ProgramData\\chocolatey",
  "ChocolateyLastPathUpdate": "132476746047740870",
  "CommonProgramFiles(x86)": "C:\\Program Files (x86)\\Common Files",
  "CommonProgramW6432": "C:\\Program Files\\Common Files",
  "ConEmuANSI": "ON",
  "ConEmuAnsiLog": "",
  "ConEmuArgs2": "",
  "ConEmuArgs": "",
  "ConEmuBackHWND": "0x00140862",
  "ConEmuBaseDir": "C:\\Program Files\\ConEmu\\ConEmu",
  "ConEmuBaseDirShort": "C:\\PROGRA~1\\ConEmu\\ConEmu",
  "ConEmuBuild": "221218",
  "ConEmuCfgDir": "C:\\Users\\ej608771\\AppData\\Roaming",
  "ConEmuConfig": "",
  "ConEmuDir": "C:\\Program Files\\ConEmu",
  "ConEmuDrawHWND": "0x000F0FCE",
  "ConEmuDrive": "C:",
  "ConEmuHWND": "0x00550DD6",
  "ConEmuHooks": "Enabled",
  "ConEmuPID": "19172",
  "ConEmuPalette": "<Current color scheme>",
  "ConEmuServerPID": "24072",
  "ConEmuTask": "{Powershell 7}",
  "ConEmuWorkDir": "C:\\ourstuff\\repos\\dev\\imperative",
  "ConEmuWorkDrive": "C:",
  "DriverData": "C:\\Windows\\System32\\Drivers\\DriverData",
  "EDITOR": "C:\\WINDOWS\\notepad.exe",
  "FORCE_COLOR": "0",
  "FPS_BROWSER_APP_PROFILE_STRING": "Internet Explorer",
  "FPS_BROWSER_USER_PROFILE_STRING": "Default",
  "GENE_CLASSPATH": "c:\\pkgs\\cmds\\classes;c:\\pkgs\\cmds\\classes\\log4j-1.2.14.jar",
  "GENE_DIFF": "C:\\Program Files\\KDiff3\\bin\\kdiff3.exe",
  "GENE_EDIT": "C:\\pkgs\\CudaText\\cudatext.exe",
  "HOME": "C:\\Users\\ej608771",
  "HOMEDRIVE": "C:",
  "HOMEPATH": "\\Users\\ej608771",
  "IMPERATIVE_TEST_CLI_CLI_HOME": "C:\\ourstuff\\repos\\dev\\imperative\\__tests__\\__results__\\data\\bb097a7f-28df-479a-b26e-bca8839b2c49_imperative_test_cli_test_config_convert_profiles_command",
  "INIT_CWD": "C:\\ourstuff\\repos\\dev\\imperative",
  "IntelliJ IDEA": "C:\\Program Files\\JetBrains\\IntelliJ IDEA 2019.2\\bin;",
  "JAVA_HOME": "c:\\pkgs\\java\\jdk",
  "JEST_JUNIT_ANCESTOR_SEPARATOR": " > ",
  "JEST_JUNIT_CLASSNAME": "Integration.{classname}",
  "JEST_JUNIT_OUTPUT": "__tests__\\__results__\\integration\\junit\\junit.xml",
  "JEST_JUNIT_TITLE": "{title}",
  "JEST_STARE_RESULT_DIR": "__tests__\\__results__\\integration\\html",
  "JEST_SUIT_NAME": "Integration Tests",
  "JEST_WORKER_ID": "1",
  "LOCALAPPDATA": "C:\\Users\\ej608771\\AppData\\Local",
  "LOGONSERVER": "\\\\WPDPASHEGC02",
  "NEXTHINK": "C:\\Program Files\\Nexthink\\Collector",
  "NODE": "C:\\Program Files\\nodejs\\node.exe",
  "NODE_ENV": "test",
  "NODE_EXE": "C:\\Program Files\\nodejs\\\\node.exe",
  "NPM_CLI_JS": "C:\\Program Files\\nodejs\\node_modules\\npm\\bin\\npm-cli.js",
  "NPM_PREFIX_NPM_CLI_JS": "C:\\Program Files\\nodejs\\node_modules\\npm\\bin\\npm-cli.js",
  "NUMBER_OF_PROCESSORS": "12",
  "NVM_HOME": "C:\\pkgs\\nvm",
  "NVM_SYMLINK": "C:\\Program Files\\nodejs",
  "OS": "Windows_NT",
  "OneDrive": "C:\\Users\\ej608771\\OneDrive",
  "PATH": "C:\\ourstuff\\repos\\dev\\imperative\\.npm-global;C:\\ourstuff\\repos\\dev\\imperative\\node_modules\\.bin;C:\\ourstuff\\repos\\dev\\node_modules\\.bin;C:\\ourstuff\\repos\\node_modules\\.bin;C:\\ourstuff\\node_modules\\.bin;C:\\node_modules\\.bin;C:\\pkgs\\nvm\\v18.16.0\\node_modules\\npm\\node_modules\\@npmcli\\run-script\\lib\\node-gyp-bin;C:\\Program Files\\PowerShell\\7;C:\\Program Files\\ConEmu\\ConEmu\\Scripts;C:\\Program Files\\ConEmu;C:\\Program Files\\ConEmu\\ConEmu;C:\\Program Files (x86)\\Common Files\\Oracle\\Java\\javapath;.;C:\\pkgs\\cmds\\winScr;C:\\pkgs\\cmds\\workScr;C:\\pkgs\\cmds\\bin;C:\\ourstuff\\records\\Broadcom\\zowe\\cmds;C:\\Program Files\\PowerShell\\7;C:\\Windows\\System32\\WindowsPowerShell\\v1.0;C:\\pkgs\\java\\jdk\\bin;C:\\Program Files\\JetBrains\\IntelliJ IDEA 2019.2\\bin;C:\\Program Files\\doxygen\\bin;C:\\pkgs\\Ruby25-x64\\bin;C:\\ProgramData\\chocolatey\\bin;C:\\windows\\system32;C:\\windows;C:\\windows\\System32\\Wbem;C:\\WINDOWS\\System32\\OpenSSH;C:\\Program Files\\Intel\\WiFi\\bin;C:\\Program Files\\Common Files\\Intel\\WirelessCommon;C:\\Program Files (x86)\\Box\\Box Edit;C:\\Program Files (x86)\\Symantec\\VIP Access Client;C:\\Program Files (x86)\\NVIDIA Corporation\\PhysX\\Common;C:\\Program Files\\dotnet;C:\\pkgs\\nvm;C:\\Program Files\\nodejs;C:\\Program Files (x86)\\GitExtensions;C:\\Program Files\\Git\\cmd;C:\\Program Files\\Git\\mingw64\\bin;C:\\Program Files\\Git\\usr\\bin;C:\\Program Files\\PowerShell\\7;C:\\pkgs\\cargo\\bin;C:\\Users\\ej608771\\AppData\\Local\\Microsoft\\WindowsApps",
  "PATHEXT": ".COM;.EXE;.BAT;.CMD;.VBS;.VBE;.JS;.JSE;.WSF;.WSH;.MSC;.RB;.RBW;.CPL",
  "PKGS": "c:\\pkgs",
  "POWERSHELL_DISTRIBUTION_CHANNEL": "MSI:Windows 10 Pro",
  "PROCESSOR_ARCHITECTURE": "AMD64",
  "PROCESSOR_IDENTIFIER": "Intel64 Family 6 Model 158 Stepping 10, GenuineIntel",
  "PROCESSOR_LEVEL": "6",
  "PROCESSOR_REVISION": "9e0a",
  "PROGRAMFILES": "C:\\Program Files",
  "PROMPT": "$P$G",
  "PSModulePath": "C:\\Users\\ej608771\\Documents\\PowerShell\\Modules;C:\\Program Files\\PowerShell\\Modules;c:\\program files\\powershell\\7\\Modules;C:\\Program Files\\WindowsPowerShell\\Modules;C:\\WINDOWS\\system32\\WindowsPowerShell\\v1.0\\Modules",
  "PUBLIC": "C:\\Users\\Public",
  "PWD": "C:/ourstuff/repos/dev/imperative/__tests__/__results__/data/bb097a7f-28df-479a-b26e-bca8839b2c49_imperative_test_cli_test_config_convert_profiles_command",
  "ProgramData": "C:\\ProgramData",
  "ProgramFiles(x86)": "C:\\Program Files (x86)",
  "ProgramW6432": "C:\\Program Files",
  "SHLVL": "1",
  "SYSTEMDRIVE": "C:",
  "SYSTEMROOT": "C:\\WINDOWS",
  "TEMP": "C:\\Users\\ej608771\\AppData\\Local\\Temp",
  "TERM": "xterm-256color",
  "TMP": "C:\\Users\\ej608771\\AppData\\Local\\Temp",
  "TS_JEST": "1",
  "USERDNSDOMAIN": "BROADCOM.NET",
  "USERDOMAIN": "BRCMLTD",
  "USERDOMAIN_ROAMINGPROFILE": "BRCMLTD",
  "USERNAME": "ej608771",
  "USERPROFILE": "C:\\Users\\ej608771",
  "VBOX_MSI_INSTALL_PATH": "C:\\Program Files\\Oracle\\VirtualBox\\",
  "WINDIR": "C:\\WINDOWS",
  "ZES_ENABLE_SYSMAN": "1",
  "__COMPAT_LAYER": "DPIUnaware",
  "__PSLockDownPolicy": "0",
  "npm_command": "run-script",
  "npm_config_cache": "C:\\Users\\ej608771\\AppData\\Local\\npm-cache",
  "npm_config_global_prefix": "C:\\Program Files\\nodejs",
  "npm_config_globalconfig": "C:\\Program Files\\nodejs\\etc\\npmrc",
  "npm_config_http://registry.npmjs.org": "",
  "npm_config_init_module": "C:\\Users\\ej608771\\.npm-init.js",
  "npm_config_install_links": "false",
  "npm_config_local_prefix": "C:\\ourstuff\\repos\\dev\\imperative",
  "npm_config_metrics_registry": "https://registry.npmjs.org/",
  "npm_config_node_gyp": "C:\\pkgs\\nvm\\v18.16.0\\node_modules\\npm\\node_modules\\node-gyp\\bin\\node-gyp.js",
  "npm_config_noproxy": "",
  "npm_config_prefix": "C:\\Program Files\\nodejs",
  "npm_config_user_agent": "npm/9.5.1 node/v18.16.0 win32 x64 workspaces/false",
  "npm_config_userconfig": "C:\\Users\\ej608771\\.npmrc",
  "npm_execpath": "C:\\pkgs\\nvm\\v18.16.0\\node_modules\\npm\\bin\\npm-cli.js",
  "npm_lifecycle_event": "test:integration",
  "npm_lifecycle_script": "env-cmd ./__tests__/config/integration/.env.js --no-override jest -c ./__tests__/config/integration/jest.config.json --runInBand",
  "npm_node_execpath": "C:\\Program Files\\nodejs\\node.exe",
  "npm_package_engines_node": ">=14.0.0",
  "npm_package_json": "C:\\ourstuff\\repos\\dev\\imperative\\package.json",
  "npm_package_name": "@zowe/imperative",
  "npm_package_version": "5.15.0",
  "ourstuff": "c:\\ourstuff",
  "zowe_set_env_test": "C:\\Users\\ej608771\\.zowe\\bin;C:\\Program Files\\PowerShell\\7;C:\\Program Files\\ConEmu\\ConEmu\\Scripts;C:\\Program Files\\ConEmu;C:\\Program Files\\ConEmu\\ConEmu;.\\;c:\\pkgs\\cmds\\winScr;c:\\pkgs\\cmds\\workScr;c:\\pkgs\\cmds\\bin;C:\\ourstuff\\records\\Broadcom\\zowe\\cmds;C:\\Program Files (x86)\\GitExtensions\\;C:\\Program Files\\Git\\cmd;C:\\Program Files\\Git\\mingw64\\bin;C:\\Program Files\\Git\\usr\\bin;C:\\Program Files\\PowerShell\\7;C:\\Windows\\System32\\WindowsPowerShell\\v1.0;C:\\Program Files (x86)\\Common Files\\Oracle\\Java\\javapath;C:\\pkgs\\java\\jdk\\bin;C:\\Program Files\\JetBrains\\IntelliJ IDEA 2019.2\\bin;C:\\Program Files\\doxygen\\bin;C:\\pkgs\\Ruby25-x64\\bin;C:\\ProgramData\\chocolatey\\bin;C:\\windows\\system32;C:\\windows;C:\\windows\\System32\\Wbem;C:\\WINDOWS\\System32\\OpenSSH\\;C:\\Program Files\\Intel\\WiFi\\bin\\;C:\\Program Files\\Common Files\\Intel\\WirelessCommon\\;C:\\Program Files (x86)\\Box\\Box Edit\\;C:\\Program Files (x86)\\Symantec\\VIP Access Client\\;C:\\Program Files (x86)\\NVIDIA Corporation\\PhysX\\Common;C:\\pkgs\\cargo\\bin;C:\\Users\\ej608771\\AppData\\Local"
}'
[2023/06/29 15:28:05.793] [ERROR] [CommandProcessor.js:957] Handler for imperative-test-cli profiles delete v1profile myv1profile rejected by thrown ImperativeError.
[2023/06/29 15:28:10.030] [WARN] [Imperative.js:462] Environmental setting for imperative log level ('IMPERATIVE_TEST_CLI_IMPERATIVE_LOG_LEVEL') was blank.
[2023/06/29 15:28:10.032] [WARN] [Imperative.js:480] Environmental setting for app log level ('IMPERATIVE_TEST_CLI_APP_LOG_LEVEL') was blank.
[2023/06/29 15:28:10.078] [WARN] [main.js:21] This is a warn message after init!
[2023/06/29 15:28:10.079] [ERROR] [main.js:22] This is an error message after init!
[2023/06/29 15:28:10.079] [FATAL] [main.js:23] This is a fatal message after init!
[2023/06/29 15:28:15.082] [WARN] [Imperative.js:462] Environmental setting for imperative log level ('IMPERATIVE_TEST_CLI_IMPERATIVE_LOG_LEVEL') was blank.
[2023/06/29 15:28:15.084] [WARN] [Imperative.js:480] Environmental setting for app log level ('IMPERATIVE_TEST_CLI_APP_LOG_LEVEL') was blank.
[2023/06/29 15:28:15.149] [WARN] [main.js:21] This is a warn message after init!
[2023/06/29 15:28:15.150] [ERROR] [main.js:22] This is an error message after init!
[2023/06/29 15:28:15.151] [FATAL] [main.js:23] This is a fatal message after init!
[2023/06/29 15:28:18.806] [WARN] [Imperative.js:462] Environmental setting for imperative log level ('IMPERATIVE_TEST_CLI_IMPERATIVE_LOG_LEVEL') was blank.
[2023/06/29 15:28:18.807] [WARN] [Imperative.js:480] Environmental setting for app log level ('IMPERATIVE_TEST_CLI_APP_LOG_LEVEL') was blank.
[2023/06/29 15:28:18.854] [WARN] [main.js:21] This is a warn message after init!
[2023/06/29 15:28:18.855] [ERROR] [main.js:22] This is an error message after init!
[2023/06/29 15:28:18.856] [FATAL] [main.js:23] This is a fatal message after init!
[2023/06/29 15:28:22.494] [WARN] [Imperative.js:462] Environmental setting for imperative log level ('IMPERATIVE_TEST_CLI_IMPERATIVE_LOG_LEVEL') was blank.
[2023/06/29 15:28:22.495] [WARN] [Imperative.js:480] Environmental setting for app log level ('IMPERATIVE_TEST_CLI_APP_LOG_LEVEL') was blank.
[2023/06/29 15:28:22.548] [WARN] [main.js:21] This is a warn message after init!
[2023/06/29 15:28:22.550] [ERROR] [main.js:22] This is an error message after init!
[2023/06/29 15:28:22.551] [FATAL] [main.js:23] This is a fatal message after init!
[2023/06/29 15:28:22.630] [ERROR] [CommandProcessor.js:946] Handler for command "imperative-test-cli profiles delete v1profile myv1profile" failed.
[2023/06/29 15:28:22.632] [ERROR] [CommandProcessor.js:949] Diagnostic information:
Platform: 'win32', Architecture: 'x64', Process.argv: 'C:\Program Files\nodejs\node.exe C:\ourstuff\repos\dev\imperative\.npm-global\node_modules\imperative-test-cli\lib\main.js profiles delete v1profile myv1profile'
Node versions: '{
  "node": "18.16.0",
  "acorn": "8.8.2",
  "ada": "1.0.4",
  "ares": "1.19.0",
  "brotli": "1.0.9",
  "cldr": "42.0",
  "icu": "72.1",
  "llhttp": "6.0.10",
  "modules": "108",
  "napi": "8",
  "nghttp2": "1.52.0",
  "nghttp3": "0.7.0",
  "ngtcp2": "0.8.1",
  "openssl": "3.0.8+quic",
  "simdutf": "3.2.2",
  "tz": "2022g",
  "undici": "5.21.0",
  "unicode": "15.0",
  "uv": "1.44.2",
  "uvwasi": "0.0.15",
  "v8": "10.2.154.26-node.26",
  "zlib": "1.2.13"
}'Environmental variables: '{
  "ALLUSERSPROFILE": "C:\\ProgramData",
  "ANSICON": "174x1000 (174x58)",
  "ANSICON_DEF": "7",
  "APPDATA": "C:\\Users\\ej608771\\AppData\\Roaming",
  "CARGO_HOME": "C:\\pkgs\\cargo",
  "COLOR": "1",
  "COMMONPROGRAMFILES": "C:\\Program Files\\Common Files",
  "COMPUTERNAME": "GSNMQV2",
  "COMSPEC": "C:\\WINDOWS\\system32\\cmd.exe",
  "ChocolateyInstall": "C:\\ProgramData\\chocolatey",
  "ChocolateyLastPathUpdate": "132476746047740870",
  "CommonProgramFiles(x86)": "C:\\Program Files (x86)\\Common Files",
  "CommonProgramW6432": "C:\\Program Files\\Common Files",
  "ConEmuANSI": "ON",
  "ConEmuAnsiLog": "",
  "ConEmuArgs2": "",
  "ConEmuArgs": "",
  "ConEmuBackHWND": "0x00140862",
  "ConEmuBaseDir": "C:\\Program Files\\ConEmu\\ConEmu",
  "ConEmuBaseDirShort": "C:\\PROGRA~1\\ConEmu\\ConEmu",
  "ConEmuBuild": "221218",
  "ConEmuCfgDir": "C:\\Users\\ej608771\\AppData\\Roaming",
  "ConEmuConfig": "",
  "ConEmuDir": "C:\\Program Files\\ConEmu",
  "ConEmuDrawHWND": "0x000F0FCE",
  "ConEmuDrive": "C:",
  "ConEmuHWND": "0x00550DD6",
  "ConEmuHooks": "Enabled",
  "ConEmuPID": "19172",
  "ConEmuPalette": "<Current color scheme>",
  "ConEmuServerPID": "24072",
  "ConEmuTask": "{Powershell 7}",
  "ConEmuWorkDir": "C:\\ourstuff\\repos\\dev\\imperative",
  "ConEmuWorkDrive": "C:",
  "DriverData": "C:\\Windows\\System32\\Drivers\\DriverData",
  "EDITOR": "C:\\WINDOWS\\notepad.exe",
  "FORCE_COLOR": "0",
  "FPS_BROWSER_APP_PROFILE_STRING": "Internet Explorer",
  "FPS_BROWSER_USER_PROFILE_STRING": "Default",
  "GENE_CLASSPATH": "c:\\pkgs\\cmds\\classes;c:\\pkgs\\cmds\\classes\\log4j-1.2.14.jar",
  "GENE_DIFF": "C:\\Program Files\\KDiff3\\bin\\kdiff3.exe",
  "GENE_EDIT": "C:\\pkgs\\CudaText\\cudatext.exe",
  "HOME": "C:\\Users\\ej608771",
  "HOMEDRIVE": "C:",
  "HOMEPATH": "\\Users\\ej608771",
  "IMPERATIVE_TEST_CLI_CLI_HOME": "C:\\ourstuff\\repos\\dev\\imperative\\__tests__\\__results__\\data\\bb097a7f-28df-479a-b26e-bca8839b2c49_imperative_test_cli_test_config_convert_profiles_command",
  "INIT_CWD": "C:\\ourstuff\\repos\\dev\\imperative",
  "IntelliJ IDEA": "C:\\Program Files\\JetBrains\\IntelliJ IDEA 2019.2\\bin;",
  "JAVA_HOME": "c:\\pkgs\\java\\jdk",
  "JEST_JUNIT_ANCESTOR_SEPARATOR": " > ",
  "JEST_JUNIT_CLASSNAME": "Integration.{classname}",
  "JEST_JUNIT_OUTPUT": "__tests__\\__results__\\integration\\junit\\junit.xml",
  "JEST_JUNIT_TITLE": "{title}",
  "JEST_STARE_RESULT_DIR": "__tests__\\__results__\\integration\\html",
  "JEST_SUIT_NAME": "Integration Tests",
  "JEST_WORKER_ID": "1",
  "LOCALAPPDATA": "C:\\Users\\ej608771\\AppData\\Local",
  "LOGONSERVER": "\\\\WPDPASHEGC02",
  "NEXTHINK": "C:\\Program Files\\Nexthink\\Collector",
  "NODE": "C:\\Program Files\\nodejs\\node.exe",
  "NODE_ENV": "test",
  "NODE_EXE": "C:\\Program Files\\nodejs\\\\node.exe",
  "NPM_CLI_JS": "C:\\Program Files\\nodejs\\node_modules\\npm\\bin\\npm-cli.js",
  "NPM_PREFIX_NPM_CLI_JS": "C:\\Program Files\\nodejs\\node_modules\\npm\\bin\\npm-cli.js",
  "NUMBER_OF_PROCESSORS": "12",
  "NVM_HOME": "C:\\pkgs\\nvm",
  "NVM_SYMLINK": "C:\\Program Files\\nodejs",
  "OS": "Windows_NT",
  "OneDrive": "C:\\Users\\ej608771\\OneDrive",
  "PATH": "C:\\ourstuff\\repos\\dev\\imperative\\.npm-global;C:\\ourstuff\\repos\\dev\\imperative\\node_modules\\.bin;C:\\ourstuff\\repos\\dev\\node_modules\\.bin;C:\\ourstuff\\repos\\node_modules\\.bin;C:\\ourstuff\\node_modules\\.bin;C:\\node_modules\\.bin;C:\\pkgs\\nvm\\v18.16.0\\node_modules\\npm\\node_modules\\@npmcli\\run-script\\lib\\node-gyp-bin;C:\\Program Files\\PowerShell\\7;C:\\Program Files\\ConEmu\\ConEmu\\Scripts;C:\\Program Files\\ConEmu;C:\\Program Files\\ConEmu\\ConEmu;C:\\Program Files (x86)\\Common Files\\Oracle\\Java\\javapath;.;C:\\pkgs\\cmds\\winScr;C:\\pkgs\\cmds\\workScr;C:\\pkgs\\cmds\\bin;C:\\ourstuff\\records\\Broadcom\\zowe\\cmds;C:\\Program Files\\PowerShell\\7;C:\\Windows\\System32\\WindowsPowerShell\\v1.0;C:\\pkgs\\java\\jdk\\bin;C:\\Program Files\\JetBrains\\IntelliJ IDEA 2019.2\\bin;C:\\Program Files\\doxygen\\bin;C:\\pkgs\\Ruby25-x64\\bin;C:\\ProgramData\\chocolatey\\bin;C:\\windows\\system32;C:\\windows;C:\\windows\\System32\\Wbem;C:\\WINDOWS\\System32\\OpenSSH;C:\\Program Files\\Intel\\WiFi\\bin;C:\\Program Files\\Common Files\\Intel\\WirelessCommon;C:\\Program Files (x86)\\Box\\Box Edit;C:\\Program Files (x86)\\Symantec\\VIP Access Client;C:\\Program Files (x86)\\NVIDIA Corporation\\PhysX\\Common;C:\\Program Files\\dotnet;C:\\pkgs\\nvm;C:\\Program Files\\nodejs;C:\\Program Files (x86)\\GitExtensions;C:\\Program Files\\Git\\cmd;C:\\Program Files\\Git\\mingw64\\bin;C:\\Program Files\\Git\\usr\\bin;C:\\Program Files\\PowerShell\\7;C:\\pkgs\\cargo\\bin;C:\\Users\\ej608771\\AppData\\Local\\Microsoft\\WindowsApps",
  "PATHEXT": ".COM;.EXE;.BAT;.CMD;.VBS;.VBE;.JS;.JSE;.WSF;.WSH;.MSC;.RB;.RBW;.CPL",
  "PKGS": "c:\\pkgs",
  "POWERSHELL_DISTRIBUTION_CHANNEL": "MSI:Windows 10 Pro",
  "PROCESSOR_ARCHITECTURE": "AMD64",
  "PROCESSOR_IDENTIFIER": "Intel64 Family 6 Model 158 Stepping 10, GenuineIntel",
  "PROCESSOR_LEVEL": "6",
  "PROCESSOR_REVISION": "9e0a",
  "PROGRAMFILES": "C:\\Program Files",
  "PROMPT": "$P$G",
  "PSModulePath": "C:\\Users\\ej608771\\Documents\\PowerShell\\Modules;C:\\Program Files\\PowerShell\\Modules;c:\\program files\\powershell\\7\\Modules;C:\\Program Files\\WindowsPowerShell\\Modules;C:\\WINDOWS\\system32\\WindowsPowerShell\\v1.0\\Modules",
  "PUBLIC": "C:\\Users\\Public",
  "PWD": "C:/ourstuff/repos/dev/imperative/__tests__/__results__/data/bb097a7f-28df-479a-b26e-bca8839b2c49_imperative_test_cli_test_config_convert_profiles_command",
  "ProgramData": "C:\\ProgramData",
  "ProgramFiles(x86)": "C:\\Program Files (x86)",
  "ProgramW6432": "C:\\Program Files",
  "SHLVL": "1",
  "SYSTEMDRIVE": "C:",
  "SYSTEMROOT": "C:\\WINDOWS",
  "TEMP": "C:\\Users\\ej608771\\AppData\\Local\\Temp",
  "TERM": "xterm-256color",
  "TMP": "C:\\Users\\ej608771\\AppData\\Local\\Temp",
  "TS_JEST": "1",
  "USERDNSDOMAIN": "BROADCOM.NET",
  "USERDOMAIN": "BRCMLTD",
  "USERDOMAIN_ROAMINGPROFILE": "BRCMLTD",
  "USERNAME": "ej608771",
  "USERPROFILE": "C:\\Users\\ej608771",
  "VBOX_MSI_INSTALL_PATH": "C:\\Program Files\\Oracle\\VirtualBox\\",
  "WINDIR": "C:\\WINDOWS",
  "ZES_ENABLE_SYSMAN": "1",
  "__COMPAT_LAYER": "DPIUnaware",
  "__PSLockDownPolicy": "0",
  "npm_command": "run-script",
  "npm_config_cache": "C:\\Users\\ej608771\\AppData\\Local\\npm-cache",
  "npm_config_global_prefix": "C:\\Program Files\\nodejs",
  "npm_config_globalconfig": "C:\\Program Files\\nodejs\\etc\\npmrc",
  "npm_config_http://registry.npmjs.org": "",
  "npm_config_init_module": "C:\\Users\\ej608771\\.npm-init.js",
  "npm_config_install_links": "false",
  "npm_config_local_prefix": "C:\\ourstuff\\repos\\dev\\imperative",
  "npm_config_metrics_registry": "https://registry.npmjs.org/",
  "npm_config_node_gyp": "C:\\pkgs\\nvm\\v18.16.0\\node_modules\\npm\\node_modules\\node-gyp\\bin\\node-gyp.js",
  "npm_config_noproxy": "",
  "npm_config_prefix": "C:\\Program Files\\nodejs",
  "npm_config_user_agent": "npm/9.5.1 node/v18.16.0 win32 x64 workspaces/false",
  "npm_config_userconfig": "C:\\Users\\ej608771\\.npmrc",
  "npm_execpath": "C:\\pkgs\\nvm\\v18.16.0\\node_modules\\npm\\bin\\npm-cli.js",
  "npm_lifecycle_event": "test:integration",
  "npm_lifecycle_script": "env-cmd ./__tests__/config/integration/.env.js --no-override jest -c ./__tests__/config/integration/jest.config.json --runInBand",
  "npm_node_execpath": "C:\\Program Files\\nodejs\\node.exe",
  "npm_package_engines_node": ">=14.0.0",
  "npm_package_json": "C:\\ourstuff\\repos\\dev\\imperative\\package.json",
  "npm_package_name": "@zowe/imperative",
  "npm_package_version": "5.15.0",
  "ourstuff": "c:\\ourstuff",
  "zowe_set_env_test": "C:\\Users\\ej608771\\.zowe\\bin;C:\\Program Files\\PowerShell\\7;C:\\Program Files\\ConEmu\\ConEmu\\Scripts;C:\\Program Files\\ConEmu;C:\\Program Files\\ConEmu\\ConEmu;.\\;c:\\pkgs\\cmds\\winScr;c:\\pkgs\\cmds\\workScr;c:\\pkgs\\cmds\\bin;C:\\ourstuff\\records\\Broadcom\\zowe\\cmds;C:\\Program Files (x86)\\GitExtensions\\;C:\\Program Files\\Git\\cmd;C:\\Program Files\\Git\\mingw64\\bin;C:\\Program Files\\Git\\usr\\bin;C:\\Program Files\\PowerShell\\7;C:\\Windows\\System32\\WindowsPowerShell\\v1.0;C:\\Program Files (x86)\\Common Files\\Oracle\\Java\\javapath;C:\\pkgs\\java\\jdk\\bin;C:\\Program Files\\JetBrains\\IntelliJ IDEA 2019.2\\bin;C:\\Program Files\\doxygen\\bin;C:\\pkgs\\Ruby25-x64\\bin;C:\\ProgramData\\chocolatey\\bin;C:\\windows\\system32;C:\\windows;C:\\windows\\System32\\Wbem;C:\\WINDOWS\\System32\\OpenSSH\\;C:\\Program Files\\Intel\\WiFi\\bin\\;C:\\Program Files\\Common Files\\Intel\\WirelessCommon\\;C:\\Program Files (x86)\\Box\\Box Edit\\;C:\\Program Files (x86)\\Symantec\\VIP Access Client\\;C:\\Program Files (x86)\\NVIDIA Corporation\\PhysX\\Common;C:\\pkgs\\cargo\\bin;C:\\Users\\ej608771\\AppData\\Local"
}'
[2023/06/29 15:28:22.633] [ERROR] [CommandProcessor.js:957] Handler for imperative-test-cli profiles delete v1profile myv1profile rejected by thrown ImperativeError.
[2023/06/29 15:28:26.729] [WARN] [Imperative.js:462] Environmental setting for imperative log level ('IMPERATIVE_TEST_CLI_IMPERATIVE_LOG_LEVEL') was blank.
[2023/06/29 15:28:26.730] [WARN] [Imperative.js:480] Environmental setting for app log level ('IMPERATIVE_TEST_CLI_APP_LOG_LEVEL') was blank.
[2023/06/29 15:28:26.791] [WARN] [main.js:21] This is a warn message after init!
[2023/06/29 15:28:26.791] [ERROR] [main.js:22] This is an error message after init!
[2023/06/29 15:28:26.792] [FATAL] [main.js:23] This is a fatal message after init!
[2023/06/29 15:28:30.524] [WARN] [Imperative.js:462] Environmental setting for imperative log level ('IMPERATIVE_TEST_CLI_IMPERATIVE_LOG_LEVEL') was blank.
[2023/06/29 15:28:30.526] [WARN] [Imperative.js:480] Environmental setting for app log level ('IMPERATIVE_TEST_CLI_APP_LOG_LEVEL') was blank.
[2023/06/29 15:28:30.589] [WARN] [main.js:21] This is a warn message after init!
[2023/06/29 15:28:30.590] [ERROR] [main.js:22] This is an error message after init!
[2023/06/29 15:28:30.591] [FATAL] [main.js:23] This is a fatal message after init!
[2023/06/29 15:28:34.844] [WARN] [Imperative.js:462] Environmental setting for imperative log level ('IMPERATIVE_TEST_CLI_IMPERATIVE_LOG_LEVEL') was blank.
[2023/06/29 15:28:34.845] [WARN] [Imperative.js:480] Environmental setting for app log level ('IMPERATIVE_TEST_CLI_APP_LOG_LEVEL') was blank.
[2023/06/29 15:28:34.891] [WARN] [main.js:21] This is a warn message after init!
[2023/06/29 15:28:34.892] [ERROR] [main.js:22] This is an error message after init!
[2023/06/29 15:28:34.892] [FATAL] [main.js:23] This is a fatal message after init!
[2023/06/29 15:28:39.635] [WARN] [Imperative.js:462] Environmental setting for imperative log level ('IMPERATIVE_TEST_CLI_IMPERATIVE_LOG_LEVEL') was blank.
[2023/06/29 15:28:39.637] [WARN] [Imperative.js:480] Environmental setting for app log level ('IMPERATIVE_TEST_CLI_APP_LOG_LEVEL') was blank.
[2023/06/29 15:28:39.694] [WARN] [main.js:21] This is a warn message after init!
[2023/06/29 15:28:39.695] [ERROR] [main.js:22] This is an error message after init!
[2023/06/29 15:28:39.695] [FATAL] [main.js:23] This is a fatal message after init!
[2023/06/29 15:28:43.362] [WARN] [Imperative.js:462] Environmental setting for imperative log level ('IMPERATIVE_TEST_CLI_IMPERATIVE_LOG_LEVEL') was blank.
[2023/06/29 15:28:43.363] [WARN] [Imperative.js:480] Environmental setting for app log level ('IMPERATIVE_TEST_CLI_APP_LOG_LEVEL') was blank.
[2023/06/29 15:28:43.415] [WARN] [main.js:21] This is a warn message after init!
[2023/06/29 15:28:43.415] [ERROR] [main.js:22] This is an error message after init!
[2023/06/29 15:28:43.416] [FATAL] [main.js:23] This is a fatal message after init!
[2023/06/29 15:28:47.187] [WARN] [Imperative.js:462] Environmental setting for imperative log level ('IMPERATIVE_TEST_CLI_IMPERATIVE_LOG_LEVEL') was blank.
[2023/06/29 15:28:47.188] [WARN] [Imperative.js:480] Environmental setting for app log level ('IMPERATIVE_TEST_CLI_APP_LOG_LEVEL') was blank.
[2023/06/29 15:28:47.243] [WARN] [main.js:21] This is a warn message after init!
[2023/06/29 15:28:47.243] [ERROR] [main.js:22] This is an error message after init!
[2023/06/29 15:28:47.244] [FATAL] [main.js:23] This is a fatal message after init!
[2023/06/29 15:28:47.313] [ERROR] [CommandProcessor.js:946] Handler for command "imperative-test-cli profiles delete v1profile myv1profile" failed.
[2023/06/29 15:28:47.314] [ERROR] [CommandProcessor.js:949] Diagnostic information:
Platform: 'win32', Architecture: 'x64', Process.argv: 'C:\Program Files\nodejs\node.exe C:\ourstuff\repos\dev\imperative\.npm-global\node_modules\imperative-test-cli\lib\main.js profiles delete v1profile myv1profile'
Node versions: '{
  "node": "18.16.0",
  "acorn": "8.8.2",
  "ada": "1.0.4",
  "ares": "1.19.0",
  "brotli": "1.0.9",
  "cldr": "42.0",
  "icu": "72.1",
  "llhttp": "6.0.10",
  "modules": "108",
  "napi": "8",
  "nghttp2": "1.52.0",
  "nghttp3": "0.7.0",
  "ngtcp2": "0.8.1",
  "openssl": "3.0.8+quic",
  "simdutf": "3.2.2",
  "tz": "2022g",
  "undici": "5.21.0",
  "unicode": "15.0",
  "uv": "1.44.2",
  "uvwasi": "0.0.15",
  "v8": "10.2.154.26-node.26",
  "zlib": "1.2.13"
}'Environmental variables: '{
  "ALLUSERSPROFILE": "C:\\ProgramData",
  "ANSICON": "174x1000 (174x58)",
  "ANSICON_DEF": "7",
  "APPDATA": "C:\\Users\\ej608771\\AppData\\Roaming",
  "CARGO_HOME": "C:\\pkgs\\cargo",
  "COLOR": "1",
  "COMMONPROGRAMFILES": "C:\\Program Files\\Common Files",
  "COMPUTERNAME": "GSNMQV2",
  "COMSPEC": "C:\\WINDOWS\\system32\\cmd.exe",
  "ChocolateyInstall": "C:\\ProgramData\\chocolatey",
  "ChocolateyLastPathUpdate": "132476746047740870",
  "CommonProgramFiles(x86)": "C:\\Program Files (x86)\\Common Files",
  "CommonProgramW6432": "C:\\Program Files\\Common Files",
  "ConEmuANSI": "ON",
  "ConEmuAnsiLog": "",
  "ConEmuArgs2": "",
  "ConEmuArgs": "",
  "ConEmuBackHWND": "0x00140862",
  "ConEmuBaseDir": "C:\\Program Files\\ConEmu\\ConEmu",
  "ConEmuBaseDirShort": "C:\\PROGRA~1\\ConEmu\\ConEmu",
  "ConEmuBuild": "221218",
  "ConEmuCfgDir": "C:\\Users\\ej608771\\AppData\\Roaming",
  "ConEmuConfig": "",
  "ConEmuDir": "C:\\Program Files\\ConEmu",
  "ConEmuDrawHWND": "0x000F0FCE",
  "ConEmuDrive": "C:",
  "ConEmuHWND": "0x00550DD6",
  "ConEmuHooks": "Enabled",
  "ConEmuPID": "19172",
  "ConEmuPalette": "<Current color scheme>",
  "ConEmuServerPID": "24072",
  "ConEmuTask": "{Powershell 7}",
  "ConEmuWorkDir": "C:\\ourstuff\\repos\\dev\\imperative",
  "ConEmuWorkDrive": "C:",
  "DriverData": "C:\\Windows\\System32\\Drivers\\DriverData",
  "EDITOR": "C:\\WINDOWS\\notepad.exe",
  "FORCE_COLOR": "0",
  "FPS_BROWSER_APP_PROFILE_STRING": "Internet Explorer",
  "FPS_BROWSER_USER_PROFILE_STRING": "Default",
  "GENE_CLASSPATH": "c:\\pkgs\\cmds\\classes;c:\\pkgs\\cmds\\classes\\log4j-1.2.14.jar",
  "GENE_DIFF": "C:\\Program Files\\KDiff3\\bin\\kdiff3.exe",
  "GENE_EDIT": "C:\\pkgs\\CudaText\\cudatext.exe",
  "HOME": "C:\\Users\\ej608771",
  "HOMEDRIVE": "C:",
  "HOMEPATH": "\\Users\\ej608771",
  "IMPERATIVE_TEST_CLI_CLI_HOME": "C:\\ourstuff\\repos\\dev\\imperative\\__tests__\\__results__\\data\\bb097a7f-28df-479a-b26e-bca8839b2c49_imperative_test_cli_test_config_convert_profiles_command",
  "INIT_CWD": "C:\\ourstuff\\repos\\dev\\imperative",
  "IntelliJ IDEA": "C:\\Program Files\\JetBrains\\IntelliJ IDEA 2019.2\\bin;",
  "JAVA_HOME": "c:\\pkgs\\java\\jdk",
  "JEST_JUNIT_ANCESTOR_SEPARATOR": " > ",
  "JEST_JUNIT_CLASSNAME": "Integration.{classname}",
  "JEST_JUNIT_OUTPUT": "__tests__\\__results__\\integration\\junit\\junit.xml",
  "JEST_JUNIT_TITLE": "{title}",
  "JEST_STARE_RESULT_DIR": "__tests__\\__results__\\integration\\html",
  "JEST_SUIT_NAME": "Integration Tests",
  "JEST_WORKER_ID": "1",
  "LOCALAPPDATA": "C:\\Users\\ej608771\\AppData\\Local",
  "LOGONSERVER": "\\\\WPDPASHEGC02",
  "NEXTHINK": "C:\\Program Files\\Nexthink\\Collector",
  "NODE": "C:\\Program Files\\nodejs\\node.exe",
  "NODE_ENV": "test",
  "NODE_EXE": "C:\\Program Files\\nodejs\\\\node.exe",
  "NPM_CLI_JS": "C:\\Program Files\\nodejs\\node_modules\\npm\\bin\\npm-cli.js",
  "NPM_PREFIX_NPM_CLI_JS": "C:\\Program Files\\nodejs\\node_modules\\npm\\bin\\npm-cli.js",
  "NUMBER_OF_PROCESSORS": "12",
  "NVM_HOME": "C:\\pkgs\\nvm",
  "NVM_SYMLINK": "C:\\Program Files\\nodejs",
  "OS": "Windows_NT",
  "OneDrive": "C:\\Users\\ej608771\\OneDrive",
  "PATH": "C:\\ourstuff\\repos\\dev\\imperative\\.npm-global;C:\\ourstuff\\repos\\dev\\imperative\\node_modules\\.bin;C:\\ourstuff\\repos\\dev\\node_modules\\.bin;C:\\ourstuff\\repos\\node_modules\\.bin;C:\\ourstuff\\node_modules\\.bin;C:\\node_modules\\.bin;C:\\pkgs\\nvm\\v18.16.0\\node_modules\\npm\\node_modules\\@npmcli\\run-script\\lib\\node-gyp-bin;C:\\Program Files\\PowerShell\\7;C:\\Program Files\\ConEmu\\ConEmu\\Scripts;C:\\Program Files\\ConEmu;C:\\Program Files\\ConEmu\\ConEmu;C:\\Program Files (x86)\\Common Files\\Oracle\\Java\\javapath;.;C:\\pkgs\\cmds\\winScr;C:\\pkgs\\cmds\\workScr;C:\\pkgs\\cmds\\bin;C:\\ourstuff\\records\\Broadcom\\zowe\\cmds;C:\\Program Files\\PowerShell\\7;C:\\Windows\\System32\\WindowsPowerShell\\v1.0;C:\\pkgs\\java\\jdk\\bin;C:\\Program Files\\JetBrains\\IntelliJ IDEA 2019.2\\bin;C:\\Program Files\\doxygen\\bin;C:\\pkgs\\Ruby25-x64\\bin;C:\\ProgramData\\chocolatey\\bin;C:\\windows\\system32;C:\\windows;C:\\windows\\System32\\Wbem;C:\\WINDOWS\\System32\\OpenSSH;C:\\Program Files\\Intel\\WiFi\\bin;C:\\Program Files\\Common Files\\Intel\\WirelessCommon;C:\\Program Files (x86)\\Box\\Box Edit;C:\\Program Files (x86)\\Symantec\\VIP Access Client;C:\\Program Files (x86)\\NVIDIA Corporation\\PhysX\\Common;C:\\Program Files\\dotnet;C:\\pkgs\\nvm;C:\\Program Files\\nodejs;C:\\Program Files (x86)\\GitExtensions;C:\\Program Files\\Git\\cmd;C:\\Program Files\\Git\\mingw64\\bin;C:\\Program Files\\Git\\usr\\bin;C:\\Program Files\\PowerShell\\7;C:\\pkgs\\cargo\\bin;C:\\Users\\ej608771\\AppData\\Local\\Microsoft\\WindowsApps",
  "PATHEXT": ".COM;.EXE;.BAT;.CMD;.VBS;.VBE;.JS;.JSE;.WSF;.WSH;.MSC;.RB;.RBW;.CPL",
  "PKGS": "c:\\pkgs",
  "POWERSHELL_DISTRIBUTION_CHANNEL": "MSI:Windows 10 Pro",
  "PROCESSOR_ARCHITECTURE": "AMD64",
  "PROCESSOR_IDENTIFIER": "Intel64 Family 6 Model 158 Stepping 10, GenuineIntel",
  "PROCESSOR_LEVEL": "6",
  "PROCESSOR_REVISION": "9e0a",
  "PROGRAMFILES": "C:\\Program Files",
  "PROMPT": "$P$G",
  "PSModulePath": "C:\\Users\\ej608771\\Documents\\PowerShell\\Modules;C:\\Program Files\\PowerShell\\Modules;c:\\program files\\powershell\\7\\Modules;C:\\Program Files\\WindowsPowerShell\\Modules;C:\\WINDOWS\\system32\\WindowsPowerShell\\v1.0\\Modules",
  "PUBLIC": "C:\\Users\\Public",
  "PWD": "C:/ourstuff/repos/dev/imperative/__tests__/__results__/data/bb097a7f-28df-479a-b26e-bca8839b2c49_imperative_test_cli_test_config_convert_profiles_command",
  "ProgramData": "C:\\ProgramData",
  "ProgramFiles(x86)": "C:\\Program Files (x86)",
  "ProgramW6432": "C:\\Program Files",
  "SHLVL": "1",
  "SYSTEMDRIVE": "C:",
  "SYSTEMROOT": "C:\\WINDOWS",
  "TEMP": "C:\\Users\\ej608771\\AppData\\Local\\Temp",
  "TERM": "xterm-256color",
  "TMP": "C:\\Users\\ej608771\\AppData\\Local\\Temp",
  "TS_JEST": "1",
  "USERDNSDOMAIN": "BROADCOM.NET",
  "USERDOMAIN": "BRCMLTD",
  "USERDOMAIN_ROAMINGPROFILE": "BRCMLTD",
  "USERNAME": "ej608771",
  "USERPROFILE": "C:\\Users\\ej608771",
  "VBOX_MSI_INSTALL_PATH": "C:\\Program Files\\Oracle\\VirtualBox\\",
  "WINDIR": "C:\\WINDOWS",
  "ZES_ENABLE_SYSMAN": "1",
  "__COMPAT_LAYER": "DPIUnaware",
  "__PSLockDownPolicy": "0",
  "npm_command": "run-script",
  "npm_config_cache": "C:\\Users\\ej608771\\AppData\\Local\\npm-cache",
  "npm_config_global_prefix": "C:\\Program Files\\nodejs",
  "npm_config_globalconfig": "C:\\Program Files\\nodejs\\etc\\npmrc",
  "npm_config_http://registry.npmjs.org": "",
  "npm_config_init_module": "C:\\Users\\ej608771\\.npm-init.js",
  "npm_config_install_links": "false",
  "npm_config_local_prefix": "C:\\ourstuff\\repos\\dev\\imperative",
  "npm_config_metrics_registry": "https://registry.npmjs.org/",
  "npm_config_node_gyp": "C:\\pkgs\\nvm\\v18.16.0\\node_modules\\npm\\node_modules\\node-gyp\\bin\\node-gyp.js",
  "npm_config_noproxy": "",
  "npm_config_prefix": "C:\\Program Files\\nodejs",
  "npm_config_user_agent": "npm/9.5.1 node/v18.16.0 win32 x64 workspaces/false",
  "npm_config_userconfig": "C:\\Users\\ej608771\\.npmrc",
  "npm_execpath": "C:\\pkgs\\nvm\\v18.16.0\\node_modules\\npm\\bin\\npm-cli.js",
  "npm_lifecycle_event": "test:integration",
  "npm_lifecycle_script": "env-cmd ./__tests__/config/integration/.env.js --no-override jest -c ./__tests__/config/integration/jest.config.json --runInBand",
  "npm_node_execpath": "C:\\Program Files\\nodejs\\node.exe",
  "npm_package_engines_node": ">=14.0.0",
  "npm_package_json": "C:\\ourstuff\\repos\\dev\\imperative\\package.json",
  "npm_package_name": "@zowe/imperative",
  "npm_package_version": "5.15.0",
  "ourstuff": "c:\\ourstuff",
  "zowe_set_env_test": "C:\\Users\\ej608771\\.zowe\\bin;C:\\Program Files\\PowerShell\\7;C:\\Program Files\\ConEmu\\ConEmu\\Scripts;C:\\Program Files\\ConEmu;C:\\Program Files\\ConEmu\\ConEmu;.\\;c:\\pkgs\\cmds\\winScr;c:\\pkgs\\cmds\\workScr;c:\\pkgs\\cmds\\bin;C:\\ourstuff\\records\\Broadcom\\zowe\\cmds;C:\\Program Files (x86)\\GitExtensions\\;C:\\Program Files\\Git\\cmd;C:\\Program Files\\Git\\mingw64\\bin;C:\\Program Files\\Git\\usr\\bin;C:\\Program Files\\PowerShell\\7;C:\\Windows\\System32\\WindowsPowerShell\\v1.0;C:\\Program Files (x86)\\Common Files\\Oracle\\Java\\javapath;C:\\pkgs\\java\\jdk\\bin;C:\\Program Files\\JetBrains\\IntelliJ IDEA 2019.2\\bin;C:\\Program Files\\doxygen\\bin;C:\\pkgs\\Ruby25-x64\\bin;C:\\ProgramData\\chocolatey\\bin;C:\\windows\\system32;C:\\windows;C:\\windows\\System32\\Wbem;C:\\WINDOWS\\System32\\OpenSSH\\;C:\\Program Files\\Intel\\WiFi\\bin\\;C:\\Program Files\\Common Files\\Intel\\WirelessCommon\\;C:\\Program Files (x86)\\Box\\Box Edit\\;C:\\Program Files (x86)\\Symantec\\VIP Access Client\\;C:\\Program Files (x86)\\NVIDIA Corporation\\PhysX\\Common;C:\\pkgs\\cargo\\bin;C:\\Users\\ej608771\\AppData\\Local"
}'
[2023/06/29 15:28:47.315] [ERROR] [CommandProcessor.js:957] Handler for imperative-test-cli profiles delete v1profile myv1profile rejected by thrown ImperativeError.
[2023/06/29 15:28:51.362] [WARN] [Imperative.js:462] Environmental setting for imperative log level ('IMPERATIVE_TEST_CLI_IMPERATIVE_LOG_LEVEL') was blank.
[2023/06/29 15:28:51.363] [WARN] [Imperative.js:480] Environmental setting for app log level ('IMPERATIVE_TEST_CLI_APP_LOG_LEVEL') was blank.
[2023/06/29 15:28:51.420] [WARN] [main.js:21] This is a warn message after init!
[2023/06/29 15:28:51.420] [ERROR] [main.js:22] This is an error message after init!
[2023/06/29 15:28:51.421] [FATAL] [main.js:23] This is a fatal message after init!
[2023/06/29 15:28:55.113] [WARN] [Imperative.js:462] Environmental setting for imperative log level ('IMPERATIVE_TEST_CLI_IMPERATIVE_LOG_LEVEL') was blank.
[2023/06/29 15:28:55.115] [WARN] [Imperative.js:480] Environmental setting for app log level ('IMPERATIVE_TEST_CLI_APP_LOG_LEVEL') was blank.
[2023/06/29 15:28:55.188] [WARN] [main.js:21] This is a warn message after init!
[2023/06/29 15:28:55.189] [ERROR] [main.js:22] This is an error message after init!
[2023/06/29 15:28:55.189] [FATAL] [main.js:23] This is a fatal message after init!
[2023/06/29 15:28:59.303] [WARN] [Imperative.js:462] Environmental setting for imperative log level ('IMPERATIVE_TEST_CLI_IMPERATIVE_LOG_LEVEL') was blank.
[2023/06/29 15:28:59.305] [WARN] [Imperative.js:480] Environmental setting for app log level ('IMPERATIVE_TEST_CLI_APP_LOG_LEVEL') was blank.
[2023/06/29 15:28:59.363] [WARN] [main.js:21] This is a warn message after init!
[2023/06/29 15:28:59.363] [ERROR] [main.js:22] This is an error message after init!
[2023/06/29 15:28:59.364] [FATAL] [main.js:23] This is a fatal message after init!
[2023/06/29 15:29:03.250] [WARN] [Imperative.js:462] Environmental setting for imperative log level ('IMPERATIVE_TEST_CLI_IMPERATIVE_LOG_LEVEL') was blank.
[2023/06/29 15:29:03.252] [WARN] [Imperative.js:480] Environmental setting for app log level ('IMPERATIVE_TEST_CLI_APP_LOG_LEVEL') was blank.
[2023/06/29 15:29:03.306] [WARN] [main.js:21] This is a warn message after init!
[2023/06/29 15:29:03.307] [ERROR] [main.js:22] This is an error message after init!
[2023/06/29 15:29:03.307] [FATAL] [main.js:23] This is a fatal message after init!
[2023/06/29 15:29:07.006] [WARN] [Imperative.js:462] Environmental setting for imperative log level ('IMPERATIVE_TEST_CLI_IMPERATIVE_LOG_LEVEL') was blank.
[2023/06/29 15:29:07.007] [WARN] [Imperative.js:480] Environmental setting for app log level ('IMPERATIVE_TEST_CLI_APP_LOG_LEVEL') was blank.
[2023/06/29 15:29:07.063] [WARN] [main.js:21] This is a warn message after init!
[2023/06/29 15:29:07.064] [ERROR] [main.js:22] This is an error message after init!
[2023/06/29 15:29:07.064] [FATAL] [main.js:23] This is a fatal message after init!
[2023/06/29 15:29:07.138] [ERROR] [CommandProcessor.js:946] Handler for command "imperative-test-cli profiles delete v1profile myv1profile" failed.
[2023/06/29 15:29:07.140] [ERROR] [CommandProcessor.js:949] Diagnostic information:
Platform: 'win32', Architecture: 'x64', Process.argv: 'C:\Program Files\nodejs\node.exe C:\ourstuff\repos\dev\imperative\.npm-global\node_modules\imperative-test-cli\lib\main.js profiles delete v1profile myv1profile'
Node versions: '{
  "node": "18.16.0",
  "acorn": "8.8.2",
  "ada": "1.0.4",
  "ares": "1.19.0",
  "brotli": "1.0.9",
  "cldr": "42.0",
  "icu": "72.1",
  "llhttp": "6.0.10",
  "modules": "108",
  "napi": "8",
  "nghttp2": "1.52.0",
  "nghttp3": "0.7.0",
  "ngtcp2": "0.8.1",
  "openssl": "3.0.8+quic",
  "simdutf": "3.2.2",
  "tz": "2022g",
  "undici": "5.21.0",
  "unicode": "15.0",
  "uv": "1.44.2",
  "uvwasi": "0.0.15",
  "v8": "10.2.154.26-node.26",
  "zlib": "1.2.13"
}'Environmental variables: '{
  "ALLUSERSPROFILE": "C:\\ProgramData",
  "ANSICON": "174x1000 (174x58)",
  "ANSICON_DEF": "7",
  "APPDATA": "C:\\Users\\ej608771\\AppData\\Roaming",
  "CARGO_HOME": "C:\\pkgs\\cargo",
  "COLOR": "1",
  "COMMONPROGRAMFILES": "C:\\Program Files\\Common Files",
  "COMPUTERNAME": "GSNMQV2",
  "COMSPEC": "C:\\WINDOWS\\system32\\cmd.exe",
  "ChocolateyInstall": "C:\\ProgramData\\chocolatey",
  "ChocolateyLastPathUpdate": "132476746047740870",
  "CommonProgramFiles(x86)": "C:\\Program Files (x86)\\Common Files",
  "CommonProgramW6432": "C:\\Program Files\\Common Files",
  "ConEmuANSI": "ON",
  "ConEmuAnsiLog": "",
  "ConEmuArgs2": "",
  "ConEmuArgs": "",
  "ConEmuBackHWND": "0x00140862",
  "ConEmuBaseDir": "C:\\Program Files\\ConEmu\\ConEmu",
  "ConEmuBaseDirShort": "C:\\PROGRA~1\\ConEmu\\ConEmu",
  "ConEmuBuild": "221218",
  "ConEmuCfgDir": "C:\\Users\\ej608771\\AppData\\Roaming",
  "ConEmuConfig": "",
  "ConEmuDir": "C:\\Program Files\\ConEmu",
  "ConEmuDrawHWND": "0x000F0FCE",
  "ConEmuDrive": "C:",
  "ConEmuHWND": "0x00550DD6",
  "ConEmuHooks": "Enabled",
  "ConEmuPID": "19172",
  "ConEmuPalette": "<Current color scheme>",
  "ConEmuServerPID": "24072",
  "ConEmuTask": "{Powershell 7}",
  "ConEmuWorkDir": "C:\\ourstuff\\repos\\dev\\imperative",
  "ConEmuWorkDrive": "C:",
  "DriverData": "C:\\Windows\\System32\\Drivers\\DriverData",
  "EDITOR": "C:\\WINDOWS\\notepad.exe",
  "FORCE_COLOR": "0",
  "FPS_BROWSER_APP_PROFILE_STRING": "Internet Explorer",
  "FPS_BROWSER_USER_PROFILE_STRING": "Default",
  "GENE_CLASSPATH": "c:\\pkgs\\cmds\\classes;c:\\pkgs\\cmds\\classes\\log4j-1.2.14.jar",
  "GENE_DIFF": "C:\\Program Files\\KDiff3\\bin\\kdiff3.exe",
  "GENE_EDIT": "C:\\pkgs\\CudaText\\cudatext.exe",
  "HOME": "C:\\Users\\ej608771",
  "HOMEDRIVE": "C:",
  "HOMEPATH": "\\Users\\ej608771",
  "IMPERATIVE_TEST_CLI_CLI_HOME": "C:\\ourstuff\\repos\\dev\\imperative\\__tests__\\__results__\\data\\bb097a7f-28df-479a-b26e-bca8839b2c49_imperative_test_cli_test_config_convert_profiles_command",
  "INIT_CWD": "C:\\ourstuff\\repos\\dev\\imperative",
  "IntelliJ IDEA": "C:\\Program Files\\JetBrains\\IntelliJ IDEA 2019.2\\bin;",
  "JAVA_HOME": "c:\\pkgs\\java\\jdk",
  "JEST_JUNIT_ANCESTOR_SEPARATOR": " > ",
  "JEST_JUNIT_CLASSNAME": "Integration.{classname}",
  "JEST_JUNIT_OUTPUT": "__tests__\\__results__\\integration\\junit\\junit.xml",
  "JEST_JUNIT_TITLE": "{title}",
  "JEST_STARE_RESULT_DIR": "__tests__\\__results__\\integration\\html",
  "JEST_SUIT_NAME": "Integration Tests",
  "JEST_WORKER_ID": "1",
  "LOCALAPPDATA": "C:\\Users\\ej608771\\AppData\\Local",
  "LOGONSERVER": "\\\\WPDPASHEGC02",
  "NEXTHINK": "C:\\Program Files\\Nexthink\\Collector",
  "NODE": "C:\\Program Files\\nodejs\\node.exe",
  "NODE_ENV": "test",
  "NODE_EXE": "C:\\Program Files\\nodejs\\\\node.exe",
  "NPM_CLI_JS": "C:\\Program Files\\nodejs\\node_modules\\npm\\bin\\npm-cli.js",
  "NPM_PREFIX_NPM_CLI_JS": "C:\\Program Files\\nodejs\\node_modules\\npm\\bin\\npm-cli.js",
  "NUMBER_OF_PROCESSORS": "12",
  "NVM_HOME": "C:\\pkgs\\nvm",
  "NVM_SYMLINK": "C:\\Program Files\\nodejs",
  "OS": "Windows_NT",
  "OneDrive": "C:\\Users\\ej608771\\OneDrive",
  "PATH": "C:\\ourstuff\\repos\\dev\\imperative\\.npm-global;C:\\ourstuff\\repos\\dev\\imperative\\node_modules\\.bin;C:\\ourstuff\\repos\\dev\\node_modules\\.bin;C:\\ourstuff\\repos\\node_modules\\.bin;C:\\ourstuff\\node_modules\\.bin;C:\\node_modules\\.bin;C:\\pkgs\\nvm\\v18.16.0\\node_modules\\npm\\node_modules\\@npmcli\\run-script\\lib\\node-gyp-bin;C:\\Program Files\\PowerShell\\7;C:\\Program Files\\ConEmu\\ConEmu\\Scripts;C:\\Program Files\\ConEmu;C:\\Program Files\\ConEmu\\ConEmu;C:\\Program Files (x86)\\Common Files\\Oracle\\Java\\javapath;.;C:\\pkgs\\cmds\\winScr;C:\\pkgs\\cmds\\workScr;C:\\pkgs\\cmds\\bin;C:\\ourstuff\\records\\Broadcom\\zowe\\cmds;C:\\Program Files\\PowerShell\\7;C:\\Windows\\System32\\WindowsPowerShell\\v1.0;C:\\pkgs\\java\\jdk\\bin;C:\\Program Files\\JetBrains\\IntelliJ IDEA 2019.2\\bin;C:\\Program Files\\doxygen\\bin;C:\\pkgs\\Ruby25-x64\\bin;C:\\ProgramData\\chocolatey\\bin;C:\\windows\\system32;C:\\windows;C:\\windows\\System32\\Wbem;C:\\WINDOWS\\System32\\OpenSSH;C:\\Program Files\\Intel\\WiFi\\bin;C:\\Program Files\\Common Files\\Intel\\WirelessCommon;C:\\Program Files (x86)\\Box\\Box Edit;C:\\Program Files (x86)\\Symantec\\VIP Access Client;C:\\Program Files (x86)\\NVIDIA Corporation\\PhysX\\Common;C:\\Program Files\\dotnet;C:\\pkgs\\nvm;C:\\Program Files\\nodejs;C:\\Program Files (x86)\\GitExtensions;C:\\Program Files\\Git\\cmd;C:\\Program Files\\Git\\mingw64\\bin;C:\\Program Files\\Git\\usr\\bin;C:\\Program Files\\PowerShell\\7;C:\\pkgs\\cargo\\bin;C:\\Users\\ej608771\\AppData\\Local\\Microsoft\\WindowsApps",
  "PATHEXT": ".COM;.EXE;.BAT;.CMD;.VBS;.VBE;.JS;.JSE;.WSF;.WSH;.MSC;.RB;.RBW;.CPL",
  "PKGS": "c:\\pkgs",
  "POWERSHELL_DISTRIBUTION_CHANNEL": "MSI:Windows 10 Pro",
  "PROCESSOR_ARCHITECTURE": "AMD64",
  "PROCESSOR_IDENTIFIER": "Intel64 Family 6 Model 158 Stepping 10, GenuineIntel",
  "PROCESSOR_LEVEL": "6",
  "PROCESSOR_REVISION": "9e0a",
  "PROGRAMFILES": "C:\\Program Files",
  "PROMPT": "$P$G",
  "PSModulePath": "C:\\Users\\ej608771\\Documents\\PowerShell\\Modules;C:\\Program Files\\PowerShell\\Modules;c:\\program files\\powershell\\7\\Modules;C:\\Program Files\\WindowsPowerShell\\Modules;C:\\WINDOWS\\system32\\WindowsPowerShell\\v1.0\\Modules",
  "PUBLIC": "C:\\Users\\Public",
  "PWD": "C:/ourstuff/repos/dev/imperative/__tests__/__results__/data/bb097a7f-28df-479a-b26e-bca8839b2c49_imperative_test_cli_test_config_convert_profiles_command",
  "ProgramData": "C:\\ProgramData",
  "ProgramFiles(x86)": "C:\\Program Files (x86)",
  "ProgramW6432": "C:\\Program Files",
  "SHLVL": "1",
  "SYSTEMDRIVE": "C:",
  "SYSTEMROOT": "C:\\WINDOWS",
  "TEMP": "C:\\Users\\ej608771\\AppData\\Local\\Temp",
  "TERM": "xterm-256color",
  "TMP": "C:\\Users\\ej608771\\AppData\\Local\\Temp",
  "TS_JEST": "1",
  "USERDNSDOMAIN": "BROADCOM.NET",
  "USERDOMAIN": "BRCMLTD",
  "USERDOMAIN_ROAMINGPROFILE": "BRCMLTD",
  "USERNAME": "ej608771",
  "USERPROFILE": "C:\\Users\\ej608771",
  "VBOX_MSI_INSTALL_PATH": "C:\\Program Files\\Oracle\\VirtualBox\\",
  "WINDIR": "C:\\WINDOWS",
  "ZES_ENABLE_SYSMAN": "1",
  "__COMPAT_LAYER": "DPIUnaware",
  "__PSLockDownPolicy": "0",
  "npm_command": "run-script",
  "npm_config_cache": "C:\\Users\\ej608771\\AppData\\Local\\npm-cache",
  "npm_config_global_prefix": "C:\\Program Files\\nodejs",
  "npm_config_globalconfig": "C:\\Program Files\\nodejs\\etc\\npmrc",
  "npm_config_http://registry.npmjs.org": "",
  "npm_config_init_module": "C:\\Users\\ej608771\\.npm-init.js",
  "npm_config_install_links": "false",
  "npm_config_local_prefix": "C:\\ourstuff\\repos\\dev\\imperative",
  "npm_config_metrics_registry": "https://registry.npmjs.org/",
  "npm_config_node_gyp": "C:\\pkgs\\nvm\\v18.16.0\\node_modules\\npm\\node_modules\\node-gyp\\bin\\node-gyp.js",
  "npm_config_noproxy": "",
  "npm_config_prefix": "C:\\Program Files\\nodejs",
  "npm_config_user_agent": "npm/9.5.1 node/v18.16.0 win32 x64 workspaces/false",
  "npm_config_userconfig": "C:\\Users\\ej608771\\.npmrc",
  "npm_execpath": "C:\\pkgs\\nvm\\v18.16.0\\node_modules\\npm\\bin\\npm-cli.js",
  "npm_lifecycle_event": "test:integration",
  "npm_lifecycle_script": "env-cmd ./__tests__/config/integration/.env.js --no-override jest -c ./__tests__/config/integration/jest.config.json --runInBand",
  "npm_node_execpath": "C:\\Program Files\\nodejs\\node.exe",
  "npm_package_engines_node": ">=14.0.0",
  "npm_package_json": "C:\\ourstuff\\repos\\dev\\imperative\\package.json",
  "npm_package_name": "@zowe/imperative",
  "npm_package_version": "5.15.0",
  "ourstuff": "c:\\ourstuff",
  "zowe_set_env_test": "C:\\Users\\ej608771\\.zowe\\bin;C:\\Program Files\\PowerShell\\7;C:\\Program Files\\ConEmu\\ConEmu\\Scripts;C:\\Program Files\\ConEmu;C:\\Program Files\\ConEmu\\ConEmu;.\\;c:\\pkgs\\cmds\\winScr;c:\\pkgs\\cmds\\workScr;c:\\pkgs\\cmds\\bin;C:\\ourstuff\\records\\Broadcom\\zowe\\cmds;C:\\Program Files (x86)\\GitExtensions\\;C:\\Program Files\\Git\\cmd;C:\\Program Files\\Git\\mingw64\\bin;C:\\Program Files\\Git\\usr\\bin;C:\\Program Files\\PowerShell\\7;C:\\Windows\\System32\\WindowsPowerShell\\v1.0;C:\\Program Files (x86)\\Common Files\\Oracle\\Java\\javapath;C:\\pkgs\\java\\jdk\\bin;C:\\Program Files\\JetBrains\\IntelliJ IDEA 2019.2\\bin;C:\\Program Files\\doxygen\\bin;C:\\pkgs\\Ruby25-x64\\bin;C:\\ProgramData\\chocolatey\\bin;C:\\windows\\system32;C:\\windows;C:\\windows\\System32\\Wbem;C:\\WINDOWS\\System32\\OpenSSH\\;C:\\Program Files\\Intel\\WiFi\\bin\\;C:\\Program Files\\Common Files\\Intel\\WirelessCommon\\;C:\\Program Files (x86)\\Box\\Box Edit\\;C:\\Program Files (x86)\\Symantec\\VIP Access Client\\;C:\\Program Files (x86)\\NVIDIA Corporation\\PhysX\\Common;C:\\pkgs\\cargo\\bin;C:\\Users\\ej608771\\AppData\\Local"
}'
[2023/06/29 15:29:07.140] [ERROR] [CommandProcessor.js:957] Handler for imperative-test-cli profiles delete v1profile myv1profile rejected by thrown ImperativeError.
[2023/06/29 15:29:11.360] [WARN] [Imperative.js:462] Environmental setting for imperative log level ('IMPERATIVE_TEST_CLI_IMPERATIVE_LOG_LEVEL') was blank.
[2023/06/29 15:29:11.361] [WARN] [Imperative.js:480] Environmental setting for app log level ('IMPERATIVE_TEST_CLI_APP_LOG_LEVEL') was blank.
[2023/06/29 15:29:11.407] [WARN] [main.js:21] This is a warn message after init!
[2023/06/29 15:29:11.408] [ERROR] [main.js:22] This is an error message after init!
[2023/06/29 15:29:11.408] [FATAL] [main.js:23] This is a fatal message after init!
[2023/06/29 15:29:16.298] [WARN] [Imperative.js:462] Environmental setting for imperative log level ('IMPERATIVE_TEST_CLI_IMPERATIVE_LOG_LEVEL') was blank.
[2023/06/29 15:29:16.299] [WARN] [Imperative.js:480] Environmental setting for app log level ('IMPERATIVE_TEST_CLI_APP_LOG_LEVEL') was blank.
[2023/06/29 15:29:16.354] [WARN] [main.js:21] This is a warn message after init!
[2023/06/29 15:29:16.355] [ERROR] [main.js:22] This is an error message after init!
[2023/06/29 15:29:16.355] [FATAL] [main.js:23] This is a fatal message after init!
[2023/06/29 15:29:16.448] [ERROR] [AbstractProfileManager.js:515] Profile "test" of type "secured" does not exist.
[2023/06/29 15:29:19.986] [WARN] [Imperative.js:462] Environmental setting for imperative log level ('IMPERATIVE_TEST_CLI_IMPERATIVE_LOG_LEVEL') was blank.
[2023/06/29 15:29:19.988] [WARN] [Imperative.js:480] Environmental setting for app log level ('IMPERATIVE_TEST_CLI_APP_LOG_LEVEL') was blank.
[2023/06/29 15:29:20.043] [WARN] [main.js:21] This is a warn message after init!
[2023/06/29 15:29:20.043] [ERROR] [main.js:22] This is an error message after init!
[2023/06/29 15:29:20.044] [FATAL] [main.js:23] This is a fatal message after init!
[2023/06/29 15:29:20.141] [ERROR] [AbstractProfileManager.js:515] Profile "test" of type "base" does not exist.
[2023/06/29 15:29:23.689] [WARN] [Imperative.js:462] Environmental setting for imperative log level ('IMPERATIVE_TEST_CLI_IMPERATIVE_LOG_LEVEL') was blank.
[2023/06/29 15:29:23.691] [WARN] [Imperative.js:480] Environmental setting for app log level ('IMPERATIVE_TEST_CLI_APP_LOG_LEVEL') was blank.
[2023/06/29 15:29:23.746] [WARN] [main.js:21] This is a warn message after init!
[2023/06/29 15:29:23.747] [ERROR] [main.js:22] This is an error message after init!
[2023/06/29 15:29:23.747] [FATAL] [main.js:23] This is a fatal message after init!
[2023/06/29 15:29:23.816] [ERROR] [CommandProcessor.js:946] Handler for command "imperative-test-cli profiles delete v1profile myv1profile" failed.
[2023/06/29 15:29:23.817] [ERROR] [CommandProcessor.js:949] Diagnostic information:
Platform: 'win32', Architecture: 'x64', Process.argv: 'C:\Program Files\nodejs\node.exe C:\ourstuff\repos\dev\imperative\.npm-global\node_modules\imperative-test-cli\lib\main.js profiles delete v1profile myv1profile'
Node versions: '{
  "node": "18.16.0",
  "acorn": "8.8.2",
  "ada": "1.0.4",
  "ares": "1.19.0",
  "brotli": "1.0.9",
  "cldr": "42.0",
  "icu": "72.1",
  "llhttp": "6.0.10",
  "modules": "108",
  "napi": "8",
  "nghttp2": "1.52.0",
  "nghttp3": "0.7.0",
  "ngtcp2": "0.8.1",
  "openssl": "3.0.8+quic",
  "simdutf": "3.2.2",
  "tz": "2022g",
  "undici": "5.21.0",
  "unicode": "15.0",
  "uv": "1.44.2",
  "uvwasi": "0.0.15",
  "v8": "10.2.154.26-node.26",
  "zlib": "1.2.13"
}'Environmental variables: '{
  "ALLUSERSPROFILE": "C:\\ProgramData",
  "ANSICON": "174x1000 (174x58)",
  "ANSICON_DEF": "7",
  "APPDATA": "C:\\Users\\ej608771\\AppData\\Roaming",
  "CARGO_HOME": "C:\\pkgs\\cargo",
  "COLOR": "1",
  "COMMONPROGRAMFILES": "C:\\Program Files\\Common Files",
  "COMPUTERNAME": "GSNMQV2",
  "COMSPEC": "C:\\WINDOWS\\system32\\cmd.exe",
  "ChocolateyInstall": "C:\\ProgramData\\chocolatey",
  "ChocolateyLastPathUpdate": "132476746047740870",
  "CommonProgramFiles(x86)": "C:\\Program Files (x86)\\Common Files",
  "CommonProgramW6432": "C:\\Program Files\\Common Files",
  "ConEmuANSI": "ON",
  "ConEmuAnsiLog": "",
  "ConEmuArgs2": "",
  "ConEmuArgs": "",
  "ConEmuBackHWND": "0x00140862",
  "ConEmuBaseDir": "C:\\Program Files\\ConEmu\\ConEmu",
  "ConEmuBaseDirShort": "C:\\PROGRA~1\\ConEmu\\ConEmu",
  "ConEmuBuild": "221218",
  "ConEmuCfgDir": "C:\\Users\\ej608771\\AppData\\Roaming",
  "ConEmuConfig": "",
  "ConEmuDir": "C:\\Program Files\\ConEmu",
  "ConEmuDrawHWND": "0x000F0FCE",
  "ConEmuDrive": "C:",
  "ConEmuHWND": "0x00550DD6",
  "ConEmuHooks": "Enabled",
  "ConEmuPID": "19172",
  "ConEmuPalette": "<Current color scheme>",
  "ConEmuServerPID": "24072",
  "ConEmuTask": "{Powershell 7}",
  "ConEmuWorkDir": "C:\\ourstuff\\repos\\dev\\imperative",
  "ConEmuWorkDrive": "C:",
  "DriverData": "C:\\Windows\\System32\\Drivers\\DriverData",
  "EDITOR": "C:\\WINDOWS\\notepad.exe",
  "FORCE_COLOR": "0",
  "FPS_BROWSER_APP_PROFILE_STRING": "Internet Explorer",
  "FPS_BROWSER_USER_PROFILE_STRING": "Default",
  "GENE_CLASSPATH": "c:\\pkgs\\cmds\\classes;c:\\pkgs\\cmds\\classes\\log4j-1.2.14.jar",
  "GENE_DIFF": "C:\\Program Files\\KDiff3\\bin\\kdiff3.exe",
  "GENE_EDIT": "C:\\pkgs\\CudaText\\cudatext.exe",
  "HOME": "C:\\Users\\ej608771",
  "HOMEDRIVE": "C:",
  "HOMEPATH": "\\Users\\ej608771",
  "IMPERATIVE_TEST_CLI_CLI_HOME": "C:\\ourstuff\\repos\\dev\\imperative\\__tests__\\__results__\\data\\bb097a7f-28df-479a-b26e-bca8839b2c49_imperative_test_cli_test_config_convert_profiles_command",
  "INIT_CWD": "C:\\ourstuff\\repos\\dev\\imperative",
  "IntelliJ IDEA": "C:\\Program Files\\JetBrains\\IntelliJ IDEA 2019.2\\bin;",
  "JAVA_HOME": "c:\\pkgs\\java\\jdk",
  "JEST_JUNIT_ANCESTOR_SEPARATOR": " > ",
  "JEST_JUNIT_CLASSNAME": "Integration.{classname}",
  "JEST_JUNIT_OUTPUT": "__tests__\\__results__\\integration\\junit\\junit.xml",
  "JEST_JUNIT_TITLE": "{title}",
  "JEST_STARE_RESULT_DIR": "__tests__\\__results__\\integration\\html",
  "JEST_SUIT_NAME": "Integration Tests",
  "JEST_WORKER_ID": "1",
  "LOCALAPPDATA": "C:\\Users\\ej608771\\AppData\\Local",
  "LOGONSERVER": "\\\\WPDPASHEGC02",
  "NEXTHINK": "C:\\Program Files\\Nexthink\\Collector",
  "NODE": "C:\\Program Files\\nodejs\\node.exe",
  "NODE_ENV": "test",
  "NODE_EXE": "C:\\Program Files\\nodejs\\\\node.exe",
  "NPM_CLI_JS": "C:\\Program Files\\nodejs\\node_modules\\npm\\bin\\npm-cli.js",
  "NPM_PREFIX_NPM_CLI_JS": "C:\\Program Files\\nodejs\\node_modules\\npm\\bin\\npm-cli.js",
  "NUMBER_OF_PROCESSORS": "12",
  "NVM_HOME": "C:\\pkgs\\nvm",
  "NVM_SYMLINK": "C:\\Program Files\\nodejs",
  "OS": "Windows_NT",
  "OneDrive": "C:\\Users\\ej608771\\OneDrive",
  "PATH": "C:\\ourstuff\\repos\\dev\\imperative\\.npm-global;C:\\ourstuff\\repos\\dev\\imperative\\node_modules\\.bin;C:\\ourstuff\\repos\\dev\\node_modules\\.bin;C:\\ourstuff\\repos\\node_modules\\.bin;C:\\ourstuff\\node_modules\\.bin;C:\\node_modules\\.bin;C:\\pkgs\\nvm\\v18.16.0\\node_modules\\npm\\node_modules\\@npmcli\\run-script\\lib\\node-gyp-bin;C:\\Program Files\\PowerShell\\7;C:\\Program Files\\ConEmu\\ConEmu\\Scripts;C:\\Program Files\\ConEmu;C:\\Program Files\\ConEmu\\ConEmu;C:\\Program Files (x86)\\Common Files\\Oracle\\Java\\javapath;.;C:\\pkgs\\cmds\\winScr;C:\\pkgs\\cmds\\workScr;C:\\pkgs\\cmds\\bin;C:\\ourstuff\\records\\Broadcom\\zowe\\cmds;C:\\Program Files\\PowerShell\\7;C:\\Windows\\System32\\WindowsPowerShell\\v1.0;C:\\pkgs\\java\\jdk\\bin;C:\\Program Files\\JetBrains\\IntelliJ IDEA 2019.2\\bin;C:\\Program Files\\doxygen\\bin;C:\\pkgs\\Ruby25-x64\\bin;C:\\ProgramData\\chocolatey\\bin;C:\\windows\\system32;C:\\windows;C:\\windows\\System32\\Wbem;C:\\WINDOWS\\System32\\OpenSSH;C:\\Program Files\\Intel\\WiFi\\bin;C:\\Program Files\\Common Files\\Intel\\WirelessCommon;C:\\Program Files (x86)\\Box\\Box Edit;C:\\Program Files (x86)\\Symantec\\VIP Access Client;C:\\Program Files (x86)\\NVIDIA Corporation\\PhysX\\Common;C:\\Program Files\\dotnet;C:\\pkgs\\nvm;C:\\Program Files\\nodejs;C:\\Program Files (x86)\\GitExtensions;C:\\Program Files\\Git\\cmd;C:\\Program Files\\Git\\mingw64\\bin;C:\\Program Files\\Git\\usr\\bin;C:\\Program Files\\PowerShell\\7;C:\\pkgs\\cargo\\bin;C:\\Users\\ej608771\\AppData\\Local\\Microsoft\\WindowsApps",
  "PATHEXT": ".COM;.EXE;.BAT;.CMD;.VBS;.VBE;.JS;.JSE;.WSF;.WSH;.MSC;.RB;.RBW;.CPL",
  "PKGS": "c:\\pkgs",
  "POWERSHELL_DISTRIBUTION_CHANNEL": "MSI:Windows 10 Pro",
  "PROCESSOR_ARCHITECTURE": "AMD64",
  "PROCESSOR_IDENTIFIER": "Intel64 Family 6 Model 158 Stepping 10, GenuineIntel",
  "PROCESSOR_LEVEL": "6",
  "PROCESSOR_REVISION": "9e0a",
  "PROGRAMFILES": "C:\\Program Files",
  "PROMPT": "$P$G",
  "PSModulePath": "C:\\Users\\ej608771\\Documents\\PowerShell\\Modules;C:\\Program Files\\PowerShell\\Modules;c:\\program files\\powershell\\7\\Modules;C:\\Program Files\\WindowsPowerShell\\Modules;C:\\WINDOWS\\system32\\WindowsPowerShell\\v1.0\\Modules",
  "PUBLIC": "C:\\Users\\Public",
  "PWD": "C:/ourstuff/repos/dev/imperative/__tests__/__results__/data/bb097a7f-28df-479a-b26e-bca8839b2c49_imperative_test_cli_test_config_convert_profiles_command",
  "ProgramData": "C:\\ProgramData",
  "ProgramFiles(x86)": "C:\\Program Files (x86)",
  "ProgramW6432": "C:\\Program Files",
  "SHLVL": "1",
  "SYSTEMDRIVE": "C:",
  "SYSTEMROOT": "C:\\WINDOWS",
  "TEMP": "C:\\Users\\ej608771\\AppData\\Local\\Temp",
  "TERM": "xterm-256color",
  "TMP": "C:\\Users\\ej608771\\AppData\\Local\\Temp",
  "TS_JEST": "1",
  "USERDNSDOMAIN": "BROADCOM.NET",
  "USERDOMAIN": "BRCMLTD",
  "USERDOMAIN_ROAMINGPROFILE": "BRCMLTD",
  "USERNAME": "ej608771",
  "USERPROFILE": "C:\\Users\\ej608771",
  "VBOX_MSI_INSTALL_PATH": "C:\\Program Files\\Oracle\\VirtualBox\\",
  "WINDIR": "C:\\WINDOWS",
  "ZES_ENABLE_SYSMAN": "1",
  "__COMPAT_LAYER": "DPIUnaware",
  "__PSLockDownPolicy": "0",
  "npm_command": "run-script",
  "npm_config_cache": "C:\\Users\\ej608771\\AppData\\Local\\npm-cache",
  "npm_config_global_prefix": "C:\\Program Files\\nodejs",
  "npm_config_globalconfig": "C:\\Program Files\\nodejs\\etc\\npmrc",
  "npm_config_http://registry.npmjs.org": "",
  "npm_config_init_module": "C:\\Users\\ej608771\\.npm-init.js",
  "npm_config_install_links": "false",
  "npm_config_local_prefix": "C:\\ourstuff\\repos\\dev\\imperative",
  "npm_config_metrics_registry": "https://registry.npmjs.org/",
  "npm_config_node_gyp": "C:\\pkgs\\nvm\\v18.16.0\\node_modules\\npm\\node_modules\\node-gyp\\bin\\node-gyp.js",
  "npm_config_noproxy": "",
  "npm_config_prefix": "C:\\Program Files\\nodejs",
  "npm_config_user_agent": "npm/9.5.1 node/v18.16.0 win32 x64 workspaces/false",
  "npm_config_userconfig": "C:\\Users\\ej608771\\.npmrc",
  "npm_execpath": "C:\\pkgs\\nvm\\v18.16.0\\node_modules\\npm\\bin\\npm-cli.js",
  "npm_lifecycle_event": "test:integration",
  "npm_lifecycle_script": "env-cmd ./__tests__/config/integration/.env.js --no-override jest -c ./__tests__/config/integration/jest.config.json --runInBand",
  "npm_node_execpath": "C:\\Program Files\\nodejs\\node.exe",
  "npm_package_engines_node": ">=14.0.0",
  "npm_package_json": "C:\\ourstuff\\repos\\dev\\imperative\\package.json",
  "npm_package_name": "@zowe/imperative",
  "npm_package_version": "5.15.0",
  "ourstuff": "c:\\ourstuff",
  "zowe_set_env_test": "C:\\Users\\ej608771\\.zowe\\bin;C:\\Program Files\\PowerShell\\7;C:\\Program Files\\ConEmu\\ConEmu\\Scripts;C:\\Program Files\\ConEmu;C:\\Program Files\\ConEmu\\ConEmu;.\\;c:\\pkgs\\cmds\\winScr;c:\\pkgs\\cmds\\workScr;c:\\pkgs\\cmds\\bin;C:\\ourstuff\\records\\Broadcom\\zowe\\cmds;C:\\Program Files (x86)\\GitExtensions\\;C:\\Program Files\\Git\\cmd;C:\\Program Files\\Git\\mingw64\\bin;C:\\Program Files\\Git\\usr\\bin;C:\\Program Files\\PowerShell\\7;C:\\Windows\\System32\\WindowsPowerShell\\v1.0;C:\\Program Files (x86)\\Common Files\\Oracle\\Java\\javapath;C:\\pkgs\\java\\jdk\\bin;C:\\Program Files\\JetBrains\\IntelliJ IDEA 2019.2\\bin;C:\\Program Files\\doxygen\\bin;C:\\pkgs\\Ruby25-x64\\bin;C:\\ProgramData\\chocolatey\\bin;C:\\windows\\system32;C:\\windows;C:\\windows\\System32\\Wbem;C:\\WINDOWS\\System32\\OpenSSH\\;C:\\Program Files\\Intel\\WiFi\\bin\\;C:\\Program Files\\Common Files\\Intel\\WirelessCommon\\;C:\\Program Files (x86)\\Box\\Box Edit\\;C:\\Program Files (x86)\\Symantec\\VIP Access Client\\;C:\\Program Files (x86)\\NVIDIA Corporation\\PhysX\\Common;C:\\pkgs\\cargo\\bin;C:\\Users\\ej608771\\AppData\\Local"
}'
[2023/06/29 15:29:23.817] [ERROR] [CommandProcessor.js:957] Handler for imperative-test-cli profiles delete v1profile myv1profile rejected by thrown ImperativeError.
